<?xml version="1.0" encoding="utf-8"?><testsuites name="pytest tests"><testsuite name="pytest" errors="0" failures="0" skipped="1" tests="65" time="18.724" timestamp="2026-04-21T03:52:02.217738+00:00" hostname="agent-env-e29bb627-1d2c-4329-b1e6-831d1905f5b0"><testcase classname="backend.tests.test_phase2_batch2.TestTasks" name="test_create_task_with_contact" time="0.515" /><testcase classname="backend.tests.test_phase2_batch2.TestTasks" name="test_create_task_with_deal" time="0.106" /><testcase classname="backend.tests.test_phase2_batch2.TestTasks" name="test_list_tasks_contains_created" time="0.048" /><testcase classname="backend.tests.test_phase2_batch2.TestTasks" name="test_patch_status_done_sets_completed_at" time="0.050" /><testcase classname="backend.tests.test_phase2_batch2.TestTasks" name="test_delete_task" time="0.095" /><testcase classname="backend.tests.test_phase2_batch2.TestEmailLog" name="test_log_email_and_bump_contact" time="0.097" /><testcase classname="backend.tests.test_phase2_batch2.TestEmailLog" name="test_list_emails_by_contact_sorted" time="0.093" /><testcase classname="backend.tests.test_phase2_batch2.TestEmailLog" name="test_delete_email" time="0.052" /><testcase classname="backend.tests.test_phase2_batch2.TestContactTimeline" name="test_timeline_includes_emails" time="0.102" /><testcase classname="backend.tests.test_phase2_batch2.TestScheduler" name="test_status_shape" time="0.049" /><testcase classname="backend.tests.test_phase2_batch2.TestFunnel" name="test_create_multistep" time="0.049" /><testcase classname="backend.tests.test_phase2_batch2.TestFunnel" name="test_public_returns_steps" time="0.114" /><testcase classname="backend.tests.test_phase2_batch2.TestFunnel" name="test_public_submit_creates_contact" time="0.201" /><testcase classname="backend.tests.test_phase2_batch2.TestFunnel" name="test_cleanup" time="0.052"><skipped type="pytest.skip" message="No DELETE /api/forms/{id} endpoint — minor gap, not a regression">/app/backend/tests/test_phase2_batch2.py:242: No DELETE /api/forms/{id} endpoint — minor gap, not a regression</skipped></testcase><testcase classname="backend.tests.test_phase2_batch2.TestAIReply" name="test_reply_draft" time="3.306" /><testcase classname="backend.tests.test_phase2.TestSubscriptions" name="test_create_sub" time="0.503" /><testcase classname="backend.tests.test_phase2.TestSubscriptions" name="test_list_subs" time="0.047" /><testcase classname="backend.tests.test_phase2.TestSubscriptions" name="test_tick_creates_invoice_and_advances" time="0.150" /><testcase classname="backend.tests.test_phase2.TestSubscriptions" name="test_mark_failed_dunning" time="0.198" /><testcase classname="backend.tests.test_phase2.TestSubscriptions" name="test_patch_status" time="0.098" /><testcase classname="backend.tests.test_phase2.TestSubscriptions" name="test_soft_delete" time="0.147" /><testcase classname="backend.tests.test_phase2.TestAutomations" name="test_create_with_trigger_and_actions" time="0.103" /><testcase classname="backend.tests.test_phase2.TestAutomations" name="test_patch_enabled" time="0.108" /><testcase classname="backend.tests.test_phase2.TestAutomations" name="test_execution_via_stage_change" time="0.897" /><testcase classname="backend.tests.test_phase2.TestAutomations" name="test_test_endpoint" time="0.051" /><testcase classname="backend.tests.test_phase2.TestAutomations" name="test_form_submission_trigger" time="0.736" /><testcase classname="backend.tests.test_phase2.TestAutomations" name="test_delete" time="0.048" /><testcase classname="backend.tests.test_phase2.TestSEO" name="test_create_page_with_checklist" time="0.054" /><testcase classname="backend.tests.test_phase2.TestSEO" name="test_list_returns_checklist" time="0.048" /><testcase classname="backend.tests.test_phase2.TestSEO" name="test_sitemap_xml" time="0.135" /><testcase classname="backend.tests.test_phase2.TestSEO" name="test_schema_suggest_llm" time="2.602" /><testcase classname="backend.tests.test_phase2.TestSEO" name="test_delete" time="0.054" /><testcase classname="backend.tests.test_phase2.TestCalendlyWebhook" name="test_inbound_creates_contact_and_deal" time="0.634" /><testcase classname="backend.tests.test_ascent_crm.TestHealth" name="test_root" time="0.102" /><testcase classname="backend.tests.test_ascent_crm.TestAuth" name="test_login_success" time="0.269" /><testcase classname="backend.tests.test_ascent_crm.TestAuth" name="test_login_invalid" time="0.273" /><testcase classname="backend.tests.test_ascent_crm.TestAuth" name="test_me" time="0.406" /><testcase classname="backend.tests.test_ascent_crm.TestAuth" name="test_signup_new_user" time="0.277" /><testcase classname="backend.tests.test_ascent_crm.TestSeedLists" name="test_companies_list" time="0.047" /><testcase classname="backend.tests.test_ascent_crm.TestSeedLists" name="test_contacts_list" time="0.048" /><testcase classname="backend.tests.test_ascent_crm.TestSeedLists" name="test_deals_list" time="0.050" /><testcase classname="backend.tests.test_ascent_crm.TestSeedLists" name="test_products_list" time="0.048" /><testcase classname="backend.tests.test_ascent_crm.TestSeedLists" name="test_pipeline_stages" time="0.049" /><testcase classname="backend.tests.test_ascent_crm.TestCompanyCRUD" name="test_full_lifecycle" time="0.202" /><testcase classname="backend.tests.test_ascent_crm.TestContactCRUD" name="test_create_and_timeline" time="0.099" /><testcase classname="backend.tests.test_ascent_crm.TestPipeline" name="test_move_deal_stage" time="0.149" /><testcase classname="backend.tests.test_ascent_crm.TestPipeline" name="test_move_deal_to_won" time="0.153" /><testcase classname="backend.tests.test_ascent_crm.TestQuoteInvoiceFlow" name="test_quote_compute_and_to_invoice" time="0.302" /><testcase classname="backend.tests.test_ascent_crm.TestInvoiceCreate" name="test_create_invoice_direct" time="0.197" /><testcase classname="backend.tests.test_ascent_crm.TestStripe" name="test_checkout_returns_url" time="0.634" /><testcase classname="backend.tests.test_ascent_crm.TestStripe" name="test_webhook_reachable" time="0.066" /><testcase classname="backend.tests.test_ascent_crm.TestPublicForms" name="test_get_public_form_no_auth" time="0.052" /><testcase classname="backend.tests.test_ascent_crm.TestPublicForms" name="test_submit_form_creates_contact" time="0.053" /><testcase classname="backend.tests.test_ascent_crm.TestPublicForms" name="test_submit_form_requires_consent" time="0.046" /><testcase classname="backend.tests.test_ascent_crm.TestAIStudio" name="test_ai_generate_reply" time="2.347" /><testcase classname="backend.tests.test_ascent_crm.TestTemplates" name="test_list_templates" time="0.047" /><testcase classname="backend.tests.test_ascent_crm.TestTemplates" name="test_apply_template" time="0.109" /><testcase classname="backend.tests.test_ascent_crm.TestAnalytics" name="test_summary" time="0.054" /><testcase classname="backend.tests.test_ascent_crm.TestGDPR" name="test_consent_logs" time="0.050" /><testcase classname="backend.tests.test_ascent_crm.TestGDPR" name="test_export_zip" time="0.168" /><testcase classname="backend.tests.test_ascent_crm.TestGDPR" name="test_erase_soft" time="0.094" /><testcase classname="backend.tests.test_ascent_crm.TestIntegrations" name="test_list" time="0.047" /><testcase classname="backend.tests.test_ascent_crm.TestIntegrations" name="test_toggle_stripe" time="0.053" /><testcase classname="backend.tests.test_ascent_crm.TestAudit" name="test_audit_returns_entries" time="0.082" /><testcase classname="backend.tests.test_ascent_crm.TestAudit" name="test_mutation_writes_audit" time="0.477" /></testsuite></testsuites>