<?xml version="1.0" encoding="utf-8"?><testsuites name="pytest tests"><testsuite name="pytest" errors="0" failures="2" skipped="0" tests="29" time="6.065" timestamp="2026-04-21T04:12:17.991602+00:00" hostname="agent-env-e29bb627-1d2c-4329-b1e6-831d1905f5b0"><testcase classname="backend.tests.test_phase2_batch3.TestAuthMe" name="test_me_owner_role_and_ids" time="0.492" /><testcase classname="backend.tests.test_phase2_batch3.TestInviteFlow" name="test_create_invite" time="0.107" /><testcase classname="backend.tests.test_phase2_batch3.TestInviteFlow" name="test_list_invites_contains_created" time="0.110" /><testcase classname="backend.tests.test_phase2_batch3.TestInviteFlow" name="test_peek_invite_public_and_no_token_echo" time="0.117" /><testcase classname="backend.tests.test_phase2_batch3.TestInviteFlow" name="test_accept_invite_creates_rep_user" time="0.344" /><testcase classname="backend.tests.test_phase2_batch3.TestInviteFlow" name="test_reuse_accepted_token_returns_404" time="0.113" /><testcase classname="backend.tests.test_phase2_batch3.TestInviteFlow" name="test_cleanup_accepted_rep" time="0.121" /><testcase classname="backend.tests.test_phase2_batch3.TestInviteFlow" name="test_revoke_pending_invite" time="0.333" /><testcase classname="backend.tests.test_phase2_batch3.TestDataScoping" name="test_rep_me_has_owner_team_id" time="0.551" /><testcase classname="backend.tests.test_phase2_batch3.TestDataScoping" name="test_rep_sees_owner_records[/companies]" time="0.217" /><testcase classname="backend.tests.test_phase2_batch3.TestDataScoping" name="test_rep_sees_owner_records[/contacts]" time="0.222" /><testcase classname="backend.tests.test_phase2_batch3.TestDataScoping" name="test_rep_sees_owner_records[/deals]" time="0.217" /><testcase classname="backend.tests.test_phase2_batch3.TestRBAC" name="test_rep_cannot_create_invite" time="0.113" /><testcase classname="backend.tests.test_phase2_batch3.TestRBAC" name="test_rep_cannot_patch_member_role" time="0.126" /><testcase classname="backend.tests.test_phase2_batch3.TestRBAC" name="test_owner_can_patch_member_role" time="0.244" /><testcase classname="backend.tests.test_phase2_batch3.TestTeamMembers" name="test_owner_sees_self_and_invited" time="0.122" /><testcase classname="backend.tests.test_phase2_batch3.TestTeamMembers" name="test_rep_sees_same_set" time="0.109" /><testcase classname="backend.tests.test_phase2_batch3.TestAuditAttribution" name="test_rep_mutation_writes_audit_with_rep_actor_id" time="0.510"><failure message="AssertionError: GET /api/audit returns no entry with actor_id=rep for a rep-created company. The endpoint filters by u['id'] (remapped to team_owner_id) rather than team_owner_id or actor_id, so neither owner nor rep can surface team-member audit entries. Fix: change filter in list_audit to {$or: [{actor_id: u['actor_id']}, team-scope by user ids]}.&#10;assert (False or False)">backend/tests/test_phase2_batch3.py:236: in test_rep_mutation_writes_audit_with_rep_actor_id
    assert rep_sees_own or owner_sees_rep, (
E   AssertionError: GET /api/audit returns no entry with actor_id=rep for a rep-created company. The endpoint filters by u['id'] (remapped to team_owner_id) rather than team_owner_id or actor_id, so neither owner nor rep can surface team-member audit entries. Fix: change filter in list_audit to {$or: [{actor_id: u['actor_id']}, team-scope by user ids]}.
E   assert (False or False)</failure></testcase><testcase classname="backend.tests.test_phase2_batch3.TestIMAPConfig" name="test_initial_config_is_null" time="0.217" /><testcase classname="backend.tests.test_phase2_batch3.TestIMAPConfig" name="test_save_and_obfuscate_password" time="0.227" /><testcase classname="backend.tests.test_phase2_batch3.TestIMAPConfig" name="test_imap_sync_without_password_returns_400" time="0.152"><failure message="AssertionError: {&quot;detail&quot;:&quot;IMAP error: [Errno -2] Name or service not known&quot;}&#10;assert 502 == 400&#10; +  where 502 = &lt;Response [502]&gt;.status_code">backend/tests/test_phase2_batch3.py:271: in test_imap_sync_without_password_returns_400
    assert r.status_code == 400, r.text
E   AssertionError: {"detail":"IMAP error: [Errno -2] Name or service not known"}
E   assert 502 == 400
E    +  where 502 = &lt;Response [502]&gt;.status_code</failure></testcase><testcase classname="backend.tests.test_phase2_batch3.TestIMAPConfig" name="test_imap_sync_with_stub_creds_502" time="0.115" /><testcase classname="backend.tests.test_phase2_batch3.TestIMAPConfig" name="test_delete_config" time="0.252" /><testcase classname="backend.tests.test_phase2_batch3.TestIMAPConfig" name="test_imap_sync_no_config_400" time="0.107" /><testcase classname="backend.tests.test_phase2_batch3.TestRegression" name="test_companies_list" time="0.107" /><testcase classname="backend.tests.test_phase2_batch3.TestRegression" name="test_deals_list" time="0.110" /><testcase classname="backend.tests.test_phase2_batch3.TestRegression" name="test_scheduler_status" time="0.113" /><testcase classname="backend.tests.test_phase2_batch3.TestRegression" name="test_forms_delete_endpoint_exists" time="0.129" /><testcase classname="backend.tests.test_phase2_batch3.TestRegression" name="test_tasks_list" time="0.235" /></testsuite></testsuites>