<?xml version="1.0" encoding="utf-8"?><testsuites name="pytest tests"><testsuite name="pytest" errors="0" failures="1" skipped="0" tests="36" time="7.909" timestamp="2026-04-22T19:09:47.960999+00:00" hostname="agent-env-9ccf8763-a43c-4df3-b12e-4c01d8cc82bc"><testcase classname="backend.tests.test_phase2_batch6_accounting.TestSeed" name="test_seed_idempotent" time="0.803" /><testcase classname="backend.tests.test_phase2_batch6_accounting.TestSeed" name="test_seed_creates_66_accounts" time="0.130" /><testcase classname="backend.tests.test_phase2_batch6_accounting.TestCoA" name="test_list_accounts" time="0.122" /><testcase classname="backend.tests.test_phase2_batch6_accounting.TestCoA" name="test_create_account_ok" time="0.128" /><testcase classname="backend.tests.test_phase2_batch6_accounting.TestCoA" name="test_create_account_duplicate_409" time="0.113" /><testcase classname="backend.tests.test_phase2_batch6_accounting.TestCoA" name="test_create_account_missing_field_400" time="0.133" /><testcase classname="backend.tests.test_phase2_batch6_accounting.TestCoA" name="test_create_account_bad_type_400" time="0.107" /><testcase classname="backend.tests.test_phase2_batch6_accounting.TestCoA" name="test_patch_account" time="0.382" /><testcase classname="backend.tests.test_phase2_batch6_accounting.TestJournalPost" name="test_post_balanced_journal" time="0.118" /><testcase classname="backend.tests.test_phase2_batch6_accounting.TestJournalPost" name="test_post_unbalanced_400" time="0.109" /><testcase classname="backend.tests.test_phase2_batch6_accounting.TestJournalPost" name="test_post_one_line_400" time="0.175" /><testcase classname="backend.tests.test_phase2_batch6_accounting.TestJournalPost" name="test_line_both_dr_cr_400" time="0.162" /><testcase classname="backend.tests.test_phase2_batch6_accounting.TestJournalPost" name="test_negative_400" time="0.153" /><testcase classname="backend.tests.test_phase2_batch6_accounting.TestJournalPost" name="test_header_account_400" time="0.156" /><testcase classname="backend.tests.test_phase2_batch6_accounting.TestJournalPost" name="test_unknown_code_400" time="0.142" /><testcase classname="backend.tests.test_phase2_batch6_accounting.TestJournalListAndReverse" name="test_list_period_filter" time="0.109" /><testcase classname="backend.tests.test_phase2_batch6_accounting.TestJournalListAndReverse" name="test_get_journal_detail" time="0.228" /><testcase classname="backend.tests.test_phase2_batch6_accounting.TestJournalListAndReverse" name="test_reverse_journal" time="0.259"><failure message="AssertionError: assert None == 'fa2b08bb-5b7d-4bee-9787-7be78c19484a'">backend/tests/test_phase2_batch6_accounting.py:261: in test_reverse_journal
    assert rev["reversed_of"] == jid
E   AssertionError: assert None == 'fa2b08bb-5b7d-4bee-9787-7be78c19484a'</failure></testcase><testcase classname="backend.tests.test_phase2_batch6_accounting.TestInvoiceAutoJournal" name="test_invoice_creates_journal" time="0.368" /><testcase classname="backend.tests.test_phase2_batch6_accounting.TestReports" name="test_trial_balance_balanced" time="0.161" /><testcase classname="backend.tests.test_phase2_batch6_accounting.TestReports" name="test_income_statement" time="0.138" /><testcase classname="backend.tests.test_phase2_batch6_accounting.TestReports" name="test_balance_sheet_balanced" time="0.116" /><testcase classname="backend.tests.test_phase2_batch6_accounting.TestReports" name="test_vat201" time="0.114" /><testcase classname="backend.tests.test_phase2_batch6_accounting.TestReports" name="test_general_ledger_known_code" time="0.129" /><testcase classname="backend.tests.test_phase2_batch6_accounting.TestReports" name="test_general_ledger_unknown_404" time="0.115" /><testcase classname="backend.tests.test_phase2_batch6_accounting.TestPeriods" name="test_list_periods" time="0.133" /><testcase classname="backend.tests.test_phase2_batch6_accounting.TestPeriods" name="test_lock_blocks_post" time="0.386" /><testcase classname="backend.tests.test_phase2_batch6_accounting.TestPeriods" name="test_close_period" time="0.255" /><testcase classname="backend.tests.test_phase2_batch6_accounting.TestPeriods" name="test_signoff_and_notes" time="0.254" /><testcase classname="backend.tests.test_phase2_batch6_accounting.TestRBAC" name="test_rep_cannot_seed" time="0.667" /><testcase classname="backend.tests.test_phase2_batch6_accounting.TestRBAC" name="test_rep_cannot_create_account" time="0.112" /><testcase classname="backend.tests.test_phase2_batch6_accounting.TestRBAC" name="test_rep_cannot_post_journal" time="0.124" /><testcase classname="backend.tests.test_phase2_batch6_accounting.TestRBAC" name="test_rep_cannot_close_period" time="0.116" /><testcase classname="backend.tests.test_phase2_batch6_accounting.TestRBAC" name="test_rep_can_read_accounts" time="0.245" /><testcase classname="backend.tests.test_phase2_batch6_accounting.TestRBAC" name="test_rep_can_read_trial_balance" time="0.133" /><testcase classname="backend.tests.test_phase2_batch6_accounting.TestInvoiceRegression" name="test_invoice_create_succeeds_even_if_no_coa" time="0.601" /></testsuite></testsuites>