<?xml version="1.0" encoding="utf-8"?><testsuites name="pytest tests"><testsuite name="pytest" errors="0" failures="0" skipped="0" tests="105" time="32.038" timestamp="2026-04-21T16:52:18.883912+00:00" hostname="agent-env-9ccf8763-a43c-4df3-b12e-4c01d8cc82bc"><testcase classname="backend.tests.test_ascent_crm.TestHealth" name="test_root" time="0.124" /><testcase classname="backend.tests.test_ascent_crm.TestAuth" name="test_login_success" time="0.271" /><testcase classname="backend.tests.test_ascent_crm.TestAuth" name="test_login_invalid" time="0.271" /><testcase classname="backend.tests.test_ascent_crm.TestAuth" name="test_me" time="0.424" /><testcase classname="backend.tests.test_ascent_crm.TestAuth" name="test_signup_new_user" time="0.273" /><testcase classname="backend.tests.test_ascent_crm.TestSeedLists" name="test_companies_list" time="0.064" /><testcase classname="backend.tests.test_ascent_crm.TestSeedLists" name="test_contacts_list" time="0.055" /><testcase classname="backend.tests.test_ascent_crm.TestSeedLists" name="test_deals_list" time="0.066" /><testcase classname="backend.tests.test_ascent_crm.TestSeedLists" name="test_products_list" time="0.054" /><testcase classname="backend.tests.test_ascent_crm.TestSeedLists" name="test_pipeline_stages" time="0.049" /><testcase classname="backend.tests.test_ascent_crm.TestCompanyCRUD" name="test_full_lifecycle" time="0.224" /><testcase classname="backend.tests.test_ascent_crm.TestContactCRUD" name="test_create_and_timeline" time="0.117" /><testcase classname="backend.tests.test_ascent_crm.TestPipeline" name="test_move_deal_stage" time="0.169" /><testcase classname="backend.tests.test_ascent_crm.TestPipeline" name="test_move_deal_to_won" time="0.189" /><testcase classname="backend.tests.test_ascent_crm.TestQuoteInvoiceFlow" name="test_quote_compute_and_to_invoice" time="0.332" /><testcase classname="backend.tests.test_ascent_crm.TestInvoiceCreate" name="test_create_invoice_direct" time="0.213" /><testcase classname="backend.tests.test_ascent_crm.TestStripe" name="test_checkout_returns_url" time="0.713" /><testcase classname="backend.tests.test_ascent_crm.TestStripe" name="test_webhook_reachable" time="0.057" /><testcase classname="backend.tests.test_ascent_crm.TestPublicForms" name="test_get_public_form_no_auth" time="0.053" /><testcase classname="backend.tests.test_ascent_crm.TestPublicForms" name="test_submit_form_creates_contact" time="0.059" /><testcase classname="backend.tests.test_ascent_crm.TestPublicForms" name="test_submit_form_requires_consent" time="0.049" /><testcase classname="backend.tests.test_ascent_crm.TestAIStudio" name="test_ai_generate_reply" time="5.614" /><testcase classname="backend.tests.test_ascent_crm.TestTemplates" name="test_list_templates" time="0.052" /><testcase classname="backend.tests.test_ascent_crm.TestTemplates" name="test_apply_template" time="0.115" /><testcase classname="backend.tests.test_ascent_crm.TestAnalytics" name="test_summary" time="0.056" /><testcase classname="backend.tests.test_ascent_crm.TestGDPR" name="test_consent_logs" time="0.055" /><testcase classname="backend.tests.test_ascent_crm.TestGDPR" name="test_export_zip" time="0.116" /><testcase classname="backend.tests.test_ascent_crm.TestGDPR" name="test_erase_soft" time="0.110" /><testcase classname="backend.tests.test_ascent_crm.TestIntegrations" name="test_list" time="0.050" /><testcase classname="backend.tests.test_ascent_crm.TestIntegrations" name="test_toggle_stripe" time="0.054" /><testcase classname="backend.tests.test_ascent_crm.TestAudit" name="test_audit_returns_entries" time="0.084" /><testcase classname="backend.tests.test_ascent_crm.TestAudit" name="test_mutation_writes_audit" time="0.495" /><testcase classname="backend.tests.test_phase2.TestSubscriptions" name="test_create_sub" time="0.476" /><testcase classname="backend.tests.test_phase2.TestSubscriptions" name="test_list_subs" time="0.056" /><testcase classname="backend.tests.test_phase2.TestSubscriptions" name="test_tick_creates_invoice_and_advances" time="0.145" /><testcase classname="backend.tests.test_phase2.TestSubscriptions" name="test_mark_failed_dunning" time="0.212" /><testcase classname="backend.tests.test_phase2.TestSubscriptions" name="test_patch_status" time="0.179" /><testcase classname="backend.tests.test_phase2.TestSubscriptions" name="test_soft_delete" time="0.169" /><testcase classname="backend.tests.test_phase2.TestAutomations" name="test_create_with_trigger_and_actions" time="0.105" /><testcase classname="backend.tests.test_phase2.TestAutomations" name="test_patch_enabled" time="0.097" /><testcase classname="backend.tests.test_phase2.TestAutomations" name="test_execution_via_stage_change" time="0.980" /><testcase classname="backend.tests.test_phase2.TestAutomations" name="test_test_endpoint" time="0.053" /><testcase classname="backend.tests.test_phase2.TestAutomations" name="test_form_submission_trigger" time="0.720" /><testcase classname="backend.tests.test_phase2.TestAutomations" name="test_delete" time="0.047" /><testcase classname="backend.tests.test_phase2.TestSEO" name="test_create_page_with_checklist" time="0.055" /><testcase classname="backend.tests.test_phase2.TestSEO" name="test_list_returns_checklist" time="0.046" /><testcase classname="backend.tests.test_phase2.TestSEO" name="test_sitemap_xml" time="0.130" /><testcase classname="backend.tests.test_phase2.TestSEO" name="test_schema_suggest_llm" time="2.610" /><testcase classname="backend.tests.test_phase2.TestSEO" name="test_delete" time="0.048" /><testcase classname="backend.tests.test_phase2.TestCalendlyWebhook" name="test_inbound_creates_contact_and_deal" time="0.739" /><testcase classname="backend.tests.test_phase2_batch2.TestTasks" name="test_create_task_with_contact" time="0.463" /><testcase classname="backend.tests.test_phase2_batch2.TestTasks" name="test_create_task_with_deal" time="0.115" /><testcase classname="backend.tests.test_phase2_batch2.TestTasks" name="test_list_tasks_contains_created" time="0.057" /><testcase classname="backend.tests.test_phase2_batch2.TestTasks" name="test_patch_status_done_sets_completed_at" time="0.074" /><testcase classname="backend.tests.test_phase2_batch2.TestTasks" name="test_delete_task" time="0.129" /><testcase classname="backend.tests.test_phase2_batch2.TestEmailLog" name="test_log_email_and_bump_contact" time="0.112" /><testcase classname="backend.tests.test_phase2_batch2.TestEmailLog" name="test_list_emails_by_contact_sorted" time="0.125" /><testcase classname="backend.tests.test_phase2_batch2.TestEmailLog" name="test_delete_email" time="0.059" /><testcase classname="backend.tests.test_phase2_batch2.TestContactTimeline" name="test_timeline_includes_emails" time="0.118" /><testcase classname="backend.tests.test_phase2_batch2.TestScheduler" name="test_status_shape" time="0.054" /><testcase classname="backend.tests.test_phase2_batch2.TestFunnel" name="test_create_multistep" time="0.051" /><testcase classname="backend.tests.test_phase2_batch2.TestFunnel" name="test_public_returns_steps" time="0.143" /><testcase classname="backend.tests.test_phase2_batch2.TestFunnel" name="test_public_submit_creates_contact" time="0.187" /><testcase classname="backend.tests.test_phase2_batch2.TestFunnel" name="test_cleanup" time="0.058" /><testcase classname="backend.tests.test_phase2_batch2.TestAIReply" name="test_reply_draft" time="1.764" /><testcase classname="backend.tests.test_phase2_batch3.TestAuthMe" name="test_me_owner_role_and_ids" time="0.499" /><testcase classname="backend.tests.test_phase2_batch3.TestInviteFlow" name="test_create_invite" time="0.123" /><testcase classname="backend.tests.test_phase2_batch3.TestInviteFlow" name="test_list_invites_contains_created" time="0.128" /><testcase classname="backend.tests.test_phase2_batch3.TestInviteFlow" name="test_peek_invite_public_and_no_token_echo" time="0.182" /><testcase classname="backend.tests.test_phase2_batch3.TestInviteFlow" name="test_accept_invite_creates_rep_user" time="0.331" /><testcase classname="backend.tests.test_phase2_batch3.TestInviteFlow" name="test_reuse_accepted_token_returns_404" time="0.120" /><testcase classname="backend.tests.test_phase2_batch3.TestInviteFlow" name="test_cleanup_accepted_rep" time="0.116" /><testcase classname="backend.tests.test_phase2_batch3.TestInviteFlow" name="test_revoke_pending_invite" time="0.391" /><testcase classname="backend.tests.test_phase2_batch3.TestDataScoping" name="test_rep_me_has_owner_team_id" time="0.588" /><testcase classname="backend.tests.test_phase2_batch3.TestDataScoping" name="test_rep_sees_owner_records[/companies]" time="0.227" /><testcase classname="backend.tests.test_phase2_batch3.TestDataScoping" name="test_rep_sees_owner_records[/contacts]" time="0.230" /><testcase classname="backend.tests.test_phase2_batch3.TestDataScoping" name="test_rep_sees_owner_records[/deals]" time="0.258" /><testcase classname="backend.tests.test_phase2_batch3.TestRBAC" name="test_rep_cannot_create_invite" time="0.116" /><testcase classname="backend.tests.test_phase2_batch3.TestRBAC" name="test_rep_cannot_patch_member_role" time="0.116" /><testcase classname="backend.tests.test_phase2_batch3.TestRBAC" name="test_owner_can_patch_member_role" time="0.284" /><testcase classname="backend.tests.test_phase2_batch3.TestTeamMembers" name="test_owner_sees_self_and_invited" time="0.121" /><testcase classname="backend.tests.test_phase2_batch3.TestTeamMembers" name="test_rep_sees_same_set" time="0.125" /><testcase classname="backend.tests.test_phase2_batch3.TestAuditAttribution" name="test_rep_mutation_writes_audit_with_rep_actor_id" time="0.536" /><testcase classname="backend.tests.test_phase2_batch3.TestIMAPConfig" name="test_initial_config_is_null" time="0.241" /><testcase classname="backend.tests.test_phase2_batch3.TestIMAPConfig" name="test_save_and_obfuscate_password" time="0.241" /><testcase classname="backend.tests.test_phase2_batch3.TestIMAPConfig" name="test_imap_sync_without_password_returns_400" time="0.142" /><testcase classname="backend.tests.test_phase2_batch3.TestIMAPConfig" name="test_imap_sync_with_stub_creds_502" time="0.165" /><testcase classname="backend.tests.test_phase2_batch3.TestIMAPConfig" name="test_delete_config" time="0.239" /><testcase classname="backend.tests.test_phase2_batch3.TestIMAPConfig" name="test_imap_sync_no_config_400" time="0.118" /><testcase classname="backend.tests.test_phase2_batch3.TestRegression" name="test_companies_list" time="0.113" /><testcase classname="backend.tests.test_phase2_batch3.TestRegression" name="test_deals_list" time="0.125" /><testcase classname="backend.tests.test_phase2_batch3.TestRegression" name="test_scheduler_status" time="0.123" /><testcase classname="backend.tests.test_phase2_batch3.TestRegression" name="test_forms_delete_endpoint_exists" time="0.132" /><testcase classname="backend.tests.test_phase2_batch3.TestRegression" name="test_tasks_list" time="0.274" /><testcase classname="backend.tests.test_phase2_batch4.TestIntegrationsCatalog" name="test_paypal_entry_auto_connected" time="0.512" /><testcase classname="backend.tests.test_phase2_batch4.TestPaypalCheckout" name="test_requires_auth" time="0.120" /><testcase classname="backend.tests.test_phase2_batch4.TestPaypalCheckout" name="test_unknown_invoice_404" time="0.128" /><testcase classname="backend.tests.test_phase2_batch4.TestPaypalCheckout" name="test_creates_real_sandbox_order" time="1.148" /><testcase classname="backend.tests.test_phase2_batch4.TestPaypalCheckout" name="test_payment_transaction_and_invoice_updated" time="0.137" /><testcase classname="backend.tests.test_phase2_batch4.TestPaypalCheckout" name="test_audit_paypal_checkout_written" time="0.184" /><testcase classname="backend.tests.test_phase2_batch4.TestPaypalStatus" name="test_status_created_pending_for_fresh_order" time="0.923" /><testcase classname="backend.tests.test_phase2_batch4.TestPaypalStatus" name="test_status_bogus_order_404" time="0.716" /><testcase classname="backend.tests.test_phase2_batch4.TestPaypalWebhook" name="test_webhook_bogus_order_accepted_no_invoice_changed" time="0.125" /><testcase classname="backend.tests.test_phase2_batch4.TestPaypalWebhook" name="test_webhook_capture_completed_marks_invoice_paid" time="0.375" /><testcase classname="backend.tests.test_phase2_batch4.TestPaypalWebhook" name="test_webhook_invalid_json_returns_received_false" time="0.127" /></testsuite></testsuites>