<?xml version="1.0" encoding="utf-8"?><testsuites name="pytest tests"><testsuite name="pytest" errors="0" failures="1" skipped="0" tests="128" time="83.192" timestamp="2026-04-21T19:34:28.595264+00:00" hostname="agent-env-9ccf8763-a43c-4df3-b12e-4c01d8cc82bc"><testcase classname="backend.tests.test_ascent_crm.TestHealth" name="test_root" time="0.133" /><testcase classname="backend.tests.test_ascent_crm.TestAuth" name="test_login_success" time="0.275" /><testcase classname="backend.tests.test_ascent_crm.TestAuth" name="test_login_invalid" time="0.275" /><testcase classname="backend.tests.test_ascent_crm.TestAuth" name="test_me" time="0.399" /><testcase classname="backend.tests.test_ascent_crm.TestAuth" name="test_signup_new_user" time="0.274" /><testcase classname="backend.tests.test_ascent_crm.TestSeedLists" name="test_companies_list" time="0.075" /><testcase classname="backend.tests.test_ascent_crm.TestSeedLists" name="test_contacts_list" time="0.088" /><testcase classname="backend.tests.test_ascent_crm.TestSeedLists" name="test_deals_list" time="0.072" /><testcase classname="backend.tests.test_ascent_crm.TestSeedLists" name="test_products_list" time="0.071" /><testcase classname="backend.tests.test_ascent_crm.TestSeedLists" name="test_pipeline_stages" time="0.068" /><testcase classname="backend.tests.test_ascent_crm.TestCompanyCRUD" name="test_full_lifecycle" time="0.270" /><testcase classname="backend.tests.test_ascent_crm.TestContactCRUD" name="test_create_and_timeline" time="0.146" /><testcase classname="backend.tests.test_ascent_crm.TestPipeline" name="test_move_deal_stage" time="0.220" /><testcase classname="backend.tests.test_ascent_crm.TestPipeline" name="test_move_deal_to_won" time="0.211" /><testcase classname="backend.tests.test_ascent_crm.TestQuoteInvoiceFlow" name="test_quote_compute_and_to_invoice" time="0.361" /><testcase classname="backend.tests.test_ascent_crm.TestInvoiceCreate" name="test_create_invoice_direct" time="0.259" /><testcase classname="backend.tests.test_ascent_crm.TestStripe" name="test_checkout_returns_url" time="1.073" /><testcase classname="backend.tests.test_ascent_crm.TestStripe" name="test_webhook_reachable" time="0.046" /><testcase classname="backend.tests.test_ascent_crm.TestPublicForms" name="test_get_public_form_no_auth" time="0.053" /><testcase classname="backend.tests.test_ascent_crm.TestPublicForms" name="test_submit_form_creates_contact" time="0.095" /><testcase classname="backend.tests.test_ascent_crm.TestPublicForms" name="test_submit_form_requires_consent" time="0.051" /><testcase classname="backend.tests.test_ascent_crm.TestAIStudio" name="test_ai_generate_reply" time="7.582" /><testcase classname="backend.tests.test_ascent_crm.TestTemplates" name="test_list_templates" time="0.064" /><testcase classname="backend.tests.test_ascent_crm.TestTemplates" name="test_apply_template" time="0.137" /><testcase classname="backend.tests.test_ascent_crm.TestAnalytics" name="test_summary" time="0.061" /><testcase classname="backend.tests.test_ascent_crm.TestGDPR" name="test_consent_logs" time="0.078" /><testcase classname="backend.tests.test_ascent_crm.TestGDPR" name="test_export_zip" time="0.162" /><testcase classname="backend.tests.test_ascent_crm.TestGDPR" name="test_erase_soft" time="0.120" /><testcase classname="backend.tests.test_ascent_crm.TestIntegrations" name="test_list" time="0.060" /><testcase classname="backend.tests.test_ascent_crm.TestIntegrations" name="test_toggle_stripe" time="0.091" /><testcase classname="backend.tests.test_ascent_crm.TestAudit" name="test_audit_returns_entries" time="0.090" /><testcase classname="backend.tests.test_ascent_crm.TestAudit" name="test_mutation_writes_audit" time="0.519"><failure message="assert 200 &gt; 200">E   assert 200 &gt; 200</failure></testcase><testcase classname="backend.tests.test_phase2.TestSubscriptions" name="test_create_sub" time="0.474" /><testcase classname="backend.tests.test_phase2.TestSubscriptions" name="test_list_subs" time="0.063" /><testcase classname="backend.tests.test_phase2.TestSubscriptions" name="test_tick_creates_invoice_and_advances" time="0.180" /><testcase classname="backend.tests.test_phase2.TestSubscriptions" name="test_mark_failed_dunning" time="0.424" /><testcase classname="backend.tests.test_phase2.TestSubscriptions" name="test_patch_status" time="0.111" /><testcase classname="backend.tests.test_phase2.TestSubscriptions" name="test_soft_delete" time="0.161" /><testcase classname="backend.tests.test_phase2.TestAutomations" name="test_create_with_trigger_and_actions" time="0.112" /><testcase classname="backend.tests.test_phase2.TestAutomations" name="test_patch_enabled" time="0.111" /><testcase classname="backend.tests.test_phase2.TestAutomations" name="test_execution_via_stage_change" time="0.923" /><testcase classname="backend.tests.test_phase2.TestAutomations" name="test_test_endpoint" time="0.059" /><testcase classname="backend.tests.test_phase2.TestAutomations" name="test_form_submission_trigger" time="0.730" /><testcase classname="backend.tests.test_phase2.TestAutomations" name="test_delete" time="0.052" /><testcase classname="backend.tests.test_phase2.TestSEO" name="test_create_page_with_checklist" time="0.061" /><testcase classname="backend.tests.test_phase2.TestSEO" name="test_list_returns_checklist" time="0.055" /><testcase classname="backend.tests.test_phase2.TestSEO" name="test_sitemap_xml" time="0.139" /><testcase classname="backend.tests.test_phase2.TestSEO" name="test_schema_suggest_llm" time="2.446" /><testcase classname="backend.tests.test_phase2.TestSEO" name="test_delete" time="0.054" /><testcase classname="backend.tests.test_phase2.TestCalendlyWebhook" name="test_inbound_creates_contact_and_deal" time="0.781" /><testcase classname="backend.tests.test_phase2_batch2.TestTasks" name="test_create_task_with_contact" time="0.437" /><testcase classname="backend.tests.test_phase2_batch2.TestTasks" name="test_create_task_with_deal" time="0.114" /><testcase classname="backend.tests.test_phase2_batch2.TestTasks" name="test_list_tasks_contains_created" time="0.054" /><testcase classname="backend.tests.test_phase2_batch2.TestTasks" name="test_patch_status_done_sets_completed_at" time="0.054" /><testcase classname="backend.tests.test_phase2_batch2.TestTasks" name="test_delete_task" time="0.109" /><testcase classname="backend.tests.test_phase2_batch2.TestEmailLog" name="test_log_email_and_bump_contact" time="0.109" /><testcase classname="backend.tests.test_phase2_batch2.TestEmailLog" name="test_list_emails_by_contact_sorted" time="0.103" /><testcase classname="backend.tests.test_phase2_batch2.TestEmailLog" name="test_delete_email" time="0.052" /><testcase classname="backend.tests.test_phase2_batch2.TestContactTimeline" name="test_timeline_includes_emails" time="0.115" /><testcase classname="backend.tests.test_phase2_batch2.TestScheduler" name="test_status_shape" time="0.059" /><testcase classname="backend.tests.test_phase2_batch2.TestFunnel" name="test_create_multistep" time="0.072" /><testcase classname="backend.tests.test_phase2_batch2.TestFunnel" name="test_public_returns_steps" time="0.123" /><testcase classname="backend.tests.test_phase2_batch2.TestFunnel" name="test_public_submit_creates_contact" time="0.191" /><testcase classname="backend.tests.test_phase2_batch2.TestFunnel" name="test_cleanup" time="0.099" /><testcase classname="backend.tests.test_phase2_batch2.TestAIReply" name="test_reply_draft" time="1.687" /><testcase classname="backend.tests.test_phase2_batch3.TestAuthMe" name="test_me_owner_role_and_ids" time="0.467" /><testcase classname="backend.tests.test_phase2_batch3.TestInviteFlow" name="test_create_invite" time="0.169" /><testcase classname="backend.tests.test_phase2_batch3.TestInviteFlow" name="test_list_invites_contains_created" time="0.125" /><testcase classname="backend.tests.test_phase2_batch3.TestInviteFlow" name="test_peek_invite_public_and_no_token_echo" time="0.105" /><testcase classname="backend.tests.test_phase2_batch3.TestInviteFlow" name="test_accept_invite_creates_rep_user" time="0.364" /><testcase classname="backend.tests.test_phase2_batch3.TestInviteFlow" name="test_reuse_accepted_token_returns_404" time="0.116" /><testcase classname="backend.tests.test_phase2_batch3.TestInviteFlow" name="test_cleanup_accepted_rep" time="0.125" /><testcase classname="backend.tests.test_phase2_batch3.TestInviteFlow" name="test_revoke_pending_invite" time="0.391" /><testcase classname="backend.tests.test_phase2_batch3.TestDataScoping" name="test_rep_me_has_owner_team_id" time="0.569" /><testcase classname="backend.tests.test_phase2_batch3.TestDataScoping" name="test_rep_sees_owner_records[/companies]" time="0.245" /><testcase classname="backend.tests.test_phase2_batch3.TestDataScoping" name="test_rep_sees_owner_records[/contacts]" time="0.228" /><testcase classname="backend.tests.test_phase2_batch3.TestDataScoping" name="test_rep_sees_owner_records[/deals]" time="0.405" /><testcase classname="backend.tests.test_phase2_batch3.TestRBAC" name="test_rep_cannot_create_invite" time="0.122" /><testcase classname="backend.tests.test_phase2_batch3.TestRBAC" name="test_rep_cannot_patch_member_role" time="0.144" /><testcase classname="backend.tests.test_phase2_batch3.TestRBAC" name="test_owner_can_patch_member_role" time="0.233" /><testcase classname="backend.tests.test_phase2_batch3.TestTeamMembers" name="test_owner_sees_self_and_invited" time="0.182" /><testcase classname="backend.tests.test_phase2_batch3.TestTeamMembers" name="test_rep_sees_same_set" time="0.127" /><testcase classname="backend.tests.test_phase2_batch3.TestAuditAttribution" name="test_rep_mutation_writes_audit_with_rep_actor_id" time="0.534" /><testcase classname="backend.tests.test_phase2_batch3.TestIMAPConfig" name="test_initial_config_is_null" time="0.276" /><testcase classname="backend.tests.test_phase2_batch3.TestIMAPConfig" name="test_save_and_obfuscate_password" time="0.242" /><testcase classname="backend.tests.test_phase2_batch3.TestIMAPConfig" name="test_imap_sync_without_password_returns_400" time="0.116" /><testcase classname="backend.tests.test_phase2_batch3.TestIMAPConfig" name="test_imap_sync_with_stub_creds_502" time="0.170" /><testcase classname="backend.tests.test_phase2_batch3.TestIMAPConfig" name="test_delete_config" time="0.261" /><testcase classname="backend.tests.test_phase2_batch3.TestIMAPConfig" name="test_imap_sync_no_config_400" time="0.135" /><testcase classname="backend.tests.test_phase2_batch3.TestRegression" name="test_companies_list" time="0.117" /><testcase classname="backend.tests.test_phase2_batch3.TestRegression" name="test_deals_list" time="0.167" /><testcase classname="backend.tests.test_phase2_batch3.TestRegression" name="test_scheduler_status" time="0.110" /><testcase classname="backend.tests.test_phase2_batch3.TestRegression" name="test_forms_delete_endpoint_exists" time="0.139" /><testcase classname="backend.tests.test_phase2_batch3.TestRegression" name="test_tasks_list" time="0.268" /><testcase classname="backend.tests.test_phase2_batch4.TestIntegrationsCatalog" name="test_paypal_entry_auto_connected" time="0.467" /><testcase classname="backend.tests.test_phase2_batch4.TestPaypalCheckout" name="test_requires_auth" time="0.113" /><testcase classname="backend.tests.test_phase2_batch4.TestPaypalCheckout" name="test_unknown_invoice_404" time="0.110" /><testcase classname="backend.tests.test_phase2_batch4.TestPaypalCheckout" name="test_creates_real_sandbox_order" time="1.549" /><testcase classname="backend.tests.test_phase2_batch4.TestPaypalCheckout" name="test_payment_transaction_and_invoice_updated" time="0.124" /><testcase classname="backend.tests.test_phase2_batch4.TestPaypalCheckout" name="test_audit_paypal_checkout_written" time="0.188" /><testcase classname="backend.tests.test_phase2_batch4.TestPaypalStatus" name="test_status_created_pending_for_fresh_order" time="0.801" /><testcase classname="backend.tests.test_phase2_batch4.TestPaypalStatus" name="test_status_bogus_order_404" time="0.119" /><testcase classname="backend.tests.test_phase2_batch4.TestPaypalWebhook" name="test_webhook_bogus_order_accepted_no_invoice_changed" time="0.118" /><testcase classname="backend.tests.test_phase2_batch4.TestPaypalWebhook" name="test_webhook_capture_completed_marks_invoice_paid" time="0.393" /><testcase classname="backend.tests.test_phase2_batch4.TestPaypalWebhook" name="test_webhook_invalid_json_returns_received_false" time="0.162" /><testcase classname="backend.tests.test_phase2_batch5.TestQuoteValidDays" name="test_create_with_valid_days_computes_valid_until" time="0.648" /><testcase classname="backend.tests.test_phase2_batch5.TestQuoteValidDays" name="test_explicit_valid_until_wins" time="0.129" /><testcase classname="backend.tests.test_phase2_batch5.TestQuoteValidDays" name="test_put_valid_days_recomputes" time="0.383" /><testcase classname="backend.tests.test_phase2_batch5.TestQuoteDocxExport" name="test_requires_auth" time="0.130" /><testcase classname="backend.tests.test_phase2_batch5.TestQuoteDocxExport" name="test_unknown_quote_404" time="0.118" /><testcase classname="backend.tests.test_phase2_batch5.TestQuoteDocxExport" name="test_returns_real_docx_with_quote_number" time="0.162" /><testcase classname="backend.tests.test_phase2_batch5.TestQuoteDocxExport" name="test_audit_row_export_docx_written" time="0.300" /><testcase classname="backend.tests.test_phase2_batch5.TestAttachments" name="test_upload_requires_auth" time="0.116" /><testcase classname="backend.tests.test_phase2_batch5.TestAttachments" name="test_upload_unknown_resource_400" time="0.123" /><testcase classname="backend.tests.test_phase2_batch5.TestAttachments" name="test_upload_unknown_quote_404" time="0.110" /><testcase classname="backend.tests.test_phase2_batch5.TestAttachments" name="test_upload_disallowed_extension_400" time="0.120" /><testcase classname="backend.tests.test_phase2_batch5.TestAttachments" name="test_upload_quote_pdf_succeeds_and_persists" time="0.264" /><testcase classname="backend.tests.test_phase2_batch5.TestAttachments" name="test_upload_invoice_pdf_succeeds" time="36.257" /><testcase classname="backend.tests.test_phase2_batch5.TestAttachments" name="test_list_attachments_excludes_disk_path" time="0.116" /><testcase classname="backend.tests.test_phase2_batch5.TestAttachments" name="test_download_returns_bytes" time="0.118" /><testcase classname="backend.tests.test_phase2_batch5.TestAttachments" name="test_download_cross_tenant_404" time="5.624" /><testcase classname="backend.tests.test_phase2_batch5.TestAttachments" name="test_delete_cross_tenant_404" time="2.215" /><testcase classname="backend.tests.test_phase2_batch5.TestAttachments" name="test_delete_removes_row_and_file" time="0.378" /><testcase classname="backend.tests.test_phase2_batch5.TestCompanyContacts" name="test_returns_owner_scoped_contacts" time="0.380" /><testcase classname="backend.tests.test_phase2_batch5.TestCompanyContacts" name="test_foreign_company_404" time="0.296" /><testcase classname="backend.tests.test_phase2_batch5.TestCompanyContacts" name="test_unknown_company_404" time="0.156" /><testcase classname="backend.tests.test_phase2_batch5.TestRoutingNoConflict" name="test_quotes_export_docx_still_routes" time="0.146" /><testcase classname="backend.tests.test_phase2_batch5.TestRoutingNoConflict" name="test_existing_companies_get_unaffected" time="0.124" /></testsuite></testsuites>