<?xml version="1.0" encoding="utf-8"?><testsuites name="pytest tests"><testsuite name="pytest" errors="0" failures="0" skipped="0" tests="33" time="9.586" timestamp="2026-04-22T20:14:10.957710+00:00" hostname="agent-env-cd316e4f-899f-42f7-91ba-71373fcbfe0f"><testcase classname="backend.tests.test_phase2_batch7_bank_assets_receipts.TestPdfExports" name="test_trial_balance_pdf" time="1.097" /><testcase classname="backend.tests.test_phase2_batch7_bank_assets_receipts.TestPdfExports" name="test_income_statement_pdf" time="0.129" /><testcase classname="backend.tests.test_phase2_batch7_bank_assets_receipts.TestPdfExports" name="test_balance_sheet_pdf" time="0.132" /><testcase classname="backend.tests.test_phase2_batch7_bank_assets_receipts.TestPdfExports" name="test_vat201_pdf" time="0.135" /><testcase classname="backend.tests.test_phase2_batch7_bank_assets_receipts.TestBankAccountsCRUD" name="test_create_bank_account" time="0.138" /><testcase classname="backend.tests.test_phase2_batch7_bank_assets_receipts.TestBankAccountsCRUD" name="test_list_bank_accounts" time="0.107" /><testcase classname="backend.tests.test_phase2_batch7_bank_assets_receipts.TestBankAccountsCRUD" name="test_rep_cannot_create_bank_account" time="0.567" /><testcase classname="backend.tests.test_phase2_batch7_bank_assets_receipts.TestBankCsvImport" name="test_import_csv_5_rows" time="0.256" /><testcase classname="backend.tests.test_phase2_batch7_bank_assets_receipts.TestBankCsvImport" name="test_list_unreconciled" time="0.106" /><testcase classname="backend.tests.test_phase2_batch7_bank_assets_receipts.TestBankCsvImport" name="test_csv_missing_column_400" time="0.147" /><testcase classname="backend.tests.test_phase2_batch7_bank_assets_receipts.TestSuggestMatches" name="test_suggest_matches_for_invoice_payment" time="0.175" /><testcase classname="backend.tests.test_phase2_batch7_bank_assets_receipts.TestReconcileInvoice" name="test_reconcile_invoice_match" time="0.398" /><testcase classname="backend.tests.test_phase2_batch7_bank_assets_receipts.TestReconcileInvoice" name="test_unreconcile_creates_reverse" time="0.463" /><testcase classname="backend.tests.test_phase2_batch7_bank_assets_receipts.TestReconcileExpense" name="test_reconcile_expense_match" time="0.271" /><testcase classname="backend.tests.test_phase2_batch7_bank_assets_receipts.TestReconcileExpense" name="test_reconcile_missing_account_400" time="0.130" /><testcase classname="backend.tests.test_phase2_batch7_bank_assets_receipts.TestFixedAssets" name="test_create_asset" time="0.110" /><testcase classname="backend.tests.test_phase2_batch7_bank_assets_receipts.TestFixedAssets" name="test_get_asset_with_schedule" time="0.106" /><testcase classname="backend.tests.test_phase2_batch7_bank_assets_receipts.TestFixedAssets" name="test_list_assets" time="0.118" /><testcase classname="backend.tests.test_phase2_batch7_bank_assets_receipts.TestFixedAssets" name="test_bad_cost_400" time="0.123" /><testcase classname="backend.tests.test_phase2_batch7_bank_assets_receipts.TestFixedAssets" name="test_depreciation_run" time="0.331" /><testcase classname="backend.tests.test_phase2_batch7_bank_assets_receipts.TestFixedAssets" name="test_dispose_asset" time="0.260" /><testcase classname="backend.tests.test_phase2_batch7_bank_assets_receipts.TestReceipts" name="test_scan_receipt" time="1.711" /><testcase classname="backend.tests.test_phase2_batch7_bank_assets_receipts.TestReceipts" name="test_list_receipts" time="0.109" /><testcase classname="backend.tests.test_phase2_batch7_bank_assets_receipts.TestReceipts" name="test_post_receipt_as_expense" time="0.354" /><testcase classname="backend.tests.test_phase2_batch7_bank_assets_receipts.TestReceipts" name="test_delete_posted_400" time="0.109" /><testcase classname="backend.tests.test_phase2_batch7_bank_assets_receipts.TestReceipts" name="test_delete_pending_receipt" time="0.225" /><testcase classname="backend.tests.test_phase2_batch7_bank_assets_receipts.TestReceipts" name="test_unsupported_filetype_400" time="0.122" /><testcase classname="backend.tests.test_phase2_batch7_bank_assets_receipts.TestBatch7RBAC" name="test_rep_cannot_import_csv" time="0.110" /><testcase classname="backend.tests.test_phase2_batch7_bank_assets_receipts.TestBatch7RBAC" name="test_rep_cannot_create_fixed_asset" time="0.125" /><testcase classname="backend.tests.test_phase2_batch7_bank_assets_receipts.TestBatch7RBAC" name="test_rep_cannot_depreciate" time="0.121" /><testcase classname="backend.tests.test_phase2_batch7_bank_assets_receipts.TestBatch7RBAC" name="test_rep_cannot_post_receipt" time="0.138" /><testcase classname="backend.tests.test_phase2_batch7_bank_assets_receipts.TestTenantIsolation" name="test_bank_account_not_visible_to_another_owner" time="0.436" /><testcase classname="backend.tests.test_phase2_batch7_bank_assets_receipts.TestTenantIsolation" name="test_cannot_reconcile_other_owners_tx" time="0.610" /></testsuite></testsuites>