<?xml version="1.0" encoding="utf-8"?><testsuites name="pytest tests"><testsuite name="pytest" errors="0" failures="0" skipped="0" tests="23" time="5.761" timestamp="2026-04-21T19:34:15.799647+00:00" hostname="agent-env-9ccf8763-a43c-4df3-b12e-4c01d8cc82bc"><testcase classname="backend.tests.test_phase2_batch5.TestQuoteValidDays" name="test_create_with_valid_days_computes_valid_until" time="0.631" /><testcase classname="backend.tests.test_phase2_batch5.TestQuoteValidDays" name="test_explicit_valid_until_wins" time="0.131" /><testcase classname="backend.tests.test_phase2_batch5.TestQuoteValidDays" name="test_put_valid_days_recomputes" time="0.360" /><testcase classname="backend.tests.test_phase2_batch5.TestQuoteDocxExport" name="test_requires_auth" time="0.203" /><testcase classname="backend.tests.test_phase2_batch5.TestQuoteDocxExport" name="test_unknown_quote_404" time="0.136" /><testcase classname="backend.tests.test_phase2_batch5.TestQuoteDocxExport" name="test_returns_real_docx_with_quote_number" time="0.173" /><testcase classname="backend.tests.test_phase2_batch5.TestQuoteDocxExport" name="test_audit_row_export_docx_written" time="0.329" /><testcase classname="backend.tests.test_phase2_batch5.TestAttachments" name="test_upload_requires_auth" time="0.160" /><testcase classname="backend.tests.test_phase2_batch5.TestAttachments" name="test_upload_unknown_resource_400" time="0.113" /><testcase classname="backend.tests.test_phase2_batch5.TestAttachments" name="test_upload_unknown_quote_404" time="0.124" /><testcase classname="backend.tests.test_phase2_batch5.TestAttachments" name="test_upload_disallowed_extension_400" time="0.125" /><testcase classname="backend.tests.test_phase2_batch5.TestAttachments" name="test_upload_quote_pdf_succeeds_and_persists" time="0.248" /><testcase classname="backend.tests.test_phase2_batch5.TestAttachments" name="test_upload_invoice_pdf_succeeds" time="0.574" /><testcase classname="backend.tests.test_phase2_batch5.TestAttachments" name="test_list_attachments_excludes_disk_path" time="0.126" /><testcase classname="backend.tests.test_phase2_batch5.TestAttachments" name="test_download_returns_bytes" time="0.164" /><testcase classname="backend.tests.test_phase2_batch5.TestAttachments" name="test_download_cross_tenant_404" time="0.468" /><testcase classname="backend.tests.test_phase2_batch5.TestAttachments" name="test_delete_cross_tenant_404" time="0.124" /><testcase classname="backend.tests.test_phase2_batch5.TestAttachments" name="test_delete_removes_row_and_file" time="0.371" /><testcase classname="backend.tests.test_phase2_batch5.TestCompanyContacts" name="test_returns_owner_scoped_contacts" time="0.369" /><testcase classname="backend.tests.test_phase2_batch5.TestCompanyContacts" name="test_foreign_company_404" time="0.293" /><testcase classname="backend.tests.test_phase2_batch5.TestCompanyContacts" name="test_unknown_company_404" time="0.147" /><testcase classname="backend.tests.test_phase2_batch5.TestRoutingNoConflict" name="test_quotes_export_docx_still_routes" time="0.139" /><testcase classname="backend.tests.test_phase2_batch5.TestRoutingNoConflict" name="test_existing_companies_get_unaffected" time="0.118" /></testsuite></testsuites>