<?xml version="1.0" encoding="utf-8"?><testsuites name="pytest tests"><testsuite name="pytest" errors="0" failures="2" skipped="3" tests="168" time="114.185" timestamp="2026-04-22T20:14:51.769755+00:00" hostname="agent-env-cd316e4f-899f-42f7-91ba-71373fcbfe0f"><testcase classname="backend.tests.test_ascent_crm.TestHealth" name="test_root" time="0.150" /><testcase classname="backend.tests.test_ascent_crm.TestAuth" name="test_login_success" time="0.278" /><testcase classname="backend.tests.test_ascent_crm.TestAuth" name="test_login_invalid" time="0.274" /><testcase classname="backend.tests.test_ascent_crm.TestAuth" name="test_me" time="0.385" /><testcase classname="backend.tests.test_ascent_crm.TestAuth" name="test_signup_new_user" time="0.282" /><testcase classname="backend.tests.test_ascent_crm.TestSeedLists" name="test_companies_list" time="0.057" /><testcase classname="backend.tests.test_ascent_crm.TestSeedLists" name="test_contacts_list" time="0.060" /><testcase classname="backend.tests.test_ascent_crm.TestSeedLists" name="test_deals_list" time="0.050" /><testcase classname="backend.tests.test_ascent_crm.TestSeedLists" name="test_products_list" time="0.058" /><testcase classname="backend.tests.test_ascent_crm.TestSeedLists" name="test_pipeline_stages" time="0.055" /><testcase classname="backend.tests.test_ascent_crm.TestCompanyCRUD" name="test_full_lifecycle" time="0.219" /><testcase classname="backend.tests.test_ascent_crm.TestContactCRUD" name="test_create_and_timeline" time="0.122" /><testcase classname="backend.tests.test_ascent_crm.TestPipeline" name="test_move_deal_stage" time="0.154" /><testcase classname="backend.tests.test_ascent_crm.TestPipeline" name="test_move_deal_to_won" time="0.172" /><testcase classname="backend.tests.test_ascent_crm.TestQuoteInvoiceFlow" name="test_quote_compute_and_to_invoice" time="0.301" /><testcase classname="backend.tests.test_ascent_crm.TestInvoiceCreate" name="test_create_invoice_direct" time="0.210" /><testcase classname="backend.tests.test_ascent_crm.TestStripe" name="test_checkout_returns_url" time="1.082" /><testcase classname="backend.tests.test_ascent_crm.TestStripe" name="test_webhook_reachable" time="0.061" /><testcase classname="backend.tests.test_ascent_crm.TestPublicForms" name="test_get_public_form_no_auth" time="0.057" /><testcase classname="backend.tests.test_ascent_crm.TestPublicForms" name="test_submit_form_creates_contact" time="0.067" /><testcase classname="backend.tests.test_ascent_crm.TestPublicForms" name="test_submit_form_requires_consent" time="0.052" /><testcase classname="backend.tests.test_ascent_crm.TestAIStudio" name="test_ai_generate_reply" time="5.635" /><testcase classname="backend.tests.test_ascent_crm.TestTemplates" name="test_list_templates" time="0.058" /><testcase classname="backend.tests.test_ascent_crm.TestTemplates" name="test_apply_template" time="0.110" /><testcase classname="backend.tests.test_ascent_crm.TestAnalytics" name="test_summary" time="0.053" /><testcase classname="backend.tests.test_ascent_crm.TestGDPR" name="test_consent_logs" time="0.055" /><testcase classname="backend.tests.test_ascent_crm.TestGDPR" name="test_export_zip" time="0.113" /><testcase classname="backend.tests.test_ascent_crm.TestGDPR" name="test_erase_soft" time="0.102" /><testcase classname="backend.tests.test_ascent_crm.TestIntegrations" name="test_list" time="0.054" /><testcase classname="backend.tests.test_ascent_crm.TestIntegrations" name="test_toggle_stripe" time="0.054" /><testcase classname="backend.tests.test_ascent_crm.TestAudit" name="test_audit_returns_entries" time="0.061" /><testcase classname="backend.tests.test_ascent_crm.TestAudit" name="test_mutation_writes_audit" time="0.469"><failure message="assert 100 &gt; 100">E   assert 100 &gt; 100</failure></testcase><testcase classname="backend.tests.test_phase2.TestSubscriptions" name="test_create_sub" time="0.616" /><testcase classname="backend.tests.test_phase2.TestSubscriptions" name="test_list_subs" time="0.056" /><testcase classname="backend.tests.test_phase2.TestSubscriptions" name="test_tick_creates_invoice_and_advances" time="0.175" /><testcase classname="backend.tests.test_phase2.TestSubscriptions" name="test_mark_failed_dunning" time="0.220" /><testcase classname="backend.tests.test_phase2.TestSubscriptions" name="test_patch_status" time="0.113" /><testcase classname="backend.tests.test_phase2.TestSubscriptions" name="test_soft_delete" time="0.187" /><testcase classname="backend.tests.test_phase2.TestAutomations" name="test_create_with_trigger_and_actions" time="0.115" /><testcase classname="backend.tests.test_phase2.TestAutomations" name="test_patch_enabled" time="0.124" /><testcase classname="backend.tests.test_phase2.TestAutomations" name="test_execution_via_stage_change" time="0.956" /><testcase classname="backend.tests.test_phase2.TestAutomations" name="test_test_endpoint" time="0.065" /><testcase classname="backend.tests.test_phase2.TestAutomations" name="test_form_submission_trigger" time="0.730" /><testcase classname="backend.tests.test_phase2.TestAutomations" name="test_delete" time="0.068" /><testcase classname="backend.tests.test_phase2.TestSEO" name="test_create_page_with_checklist" time="0.064" /><testcase classname="backend.tests.test_phase2.TestSEO" name="test_list_returns_checklist" time="0.065" /><testcase classname="backend.tests.test_phase2.TestSEO" name="test_sitemap_xml" time="0.132" /><testcase classname="backend.tests.test_phase2.TestSEO" name="test_schema_suggest_llm" time="2.635" /><testcase classname="backend.tests.test_phase2.TestSEO" name="test_delete" time="0.073" /><testcase classname="backend.tests.test_phase2.TestCalendlyWebhook" name="test_inbound_creates_contact_and_deal" time="0.632" /><testcase classname="backend.tests.test_phase2_batch2.TestTasks" name="test_create_task_with_contact" time="0.472" /><testcase classname="backend.tests.test_phase2_batch2.TestTasks" name="test_create_task_with_deal" time="0.114" /><testcase classname="backend.tests.test_phase2_batch2.TestTasks" name="test_list_tasks_contains_created" time="0.058" /><testcase classname="backend.tests.test_phase2_batch2.TestTasks" name="test_patch_status_done_sets_completed_at" time="0.051" /><testcase classname="backend.tests.test_phase2_batch2.TestTasks" name="test_delete_task" time="0.112" /><testcase classname="backend.tests.test_phase2_batch2.TestEmailLog" name="test_log_email_and_bump_contact" time="0.117" /><testcase classname="backend.tests.test_phase2_batch2.TestEmailLog" name="test_list_emails_by_contact_sorted" time="0.104" /><testcase classname="backend.tests.test_phase2_batch2.TestEmailLog" name="test_delete_email" time="0.052" /><testcase classname="backend.tests.test_phase2_batch2.TestContactTimeline" name="test_timeline_includes_emails" time="0.124" /><testcase classname="backend.tests.test_phase2_batch2.TestScheduler" name="test_status_shape" time="0.055" /><testcase classname="backend.tests.test_phase2_batch2.TestFunnel" name="test_create_multistep" time="0.055" /><testcase classname="backend.tests.test_phase2_batch2.TestFunnel" name="test_public_returns_steps" time="0.112" /><testcase classname="backend.tests.test_phase2_batch2.TestFunnel" name="test_public_submit_creates_contact" time="0.198" /><testcase classname="backend.tests.test_phase2_batch2.TestFunnel" name="test_cleanup" time="0.057" /><testcase classname="backend.tests.test_phase2_batch2.TestAIReply" name="test_reply_draft" time="1.853" /><testcase classname="backend.tests.test_phase2_batch4.TestIntegrationsCatalog" name="test_paypal_entry_auto_connected" time="0.459" /><testcase classname="backend.tests.test_phase2_batch4.TestPaypalCheckout" name="test_requires_auth" time="0.113" /><testcase classname="backend.tests.test_phase2_batch4.TestPaypalCheckout" name="test_unknown_invoice_404" time="0.130" /><testcase classname="backend.tests.test_phase2_batch4.TestPaypalCheckout" name="test_creates_real_sandbox_order" time="1.234" /><testcase classname="backend.tests.test_phase2_batch4.TestPaypalCheckout" name="test_payment_transaction_and_invoice_updated" time="0.118" /><testcase classname="backend.tests.test_phase2_batch4.TestPaypalCheckout" name="test_audit_paypal_checkout_written" time="0.122" /><testcase classname="backend.tests.test_phase2_batch4.TestPaypalStatus" name="test_status_created_pending_for_fresh_order" time="0.881" /><testcase classname="backend.tests.test_phase2_batch4.TestPaypalStatus" name="test_status_bogus_order_404" time="0.114" /><testcase classname="backend.tests.test_phase2_batch4.TestPaypalWebhook" name="test_webhook_bogus_order_accepted_no_invoice_changed" time="0.121" /><testcase classname="backend.tests.test_phase2_batch4.TestPaypalWebhook" name="test_webhook_capture_completed_marks_invoice_paid" time="0.365" /><testcase classname="backend.tests.test_phase2_batch4.TestPaypalWebhook" name="test_webhook_invalid_json_returns_received_false" time="0.112" /><testcase classname="backend.tests.test_phase2_batch5.TestQuoteValidDays" name="test_create_with_valid_days_computes_valid_until" time="0.571" /><testcase classname="backend.tests.test_phase2_batch5.TestQuoteValidDays" name="test_explicit_valid_until_wins" time="0.108" /><testcase classname="backend.tests.test_phase2_batch5.TestQuoteValidDays" name="test_put_valid_days_recomputes" time="0.342" /><testcase classname="backend.tests.test_phase2_batch5.TestQuoteDocxExport" name="test_requires_auth" time="0.112" /><testcase classname="backend.tests.test_phase2_batch5.TestQuoteDocxExport" name="test_unknown_quote_404" time="0.222" /><testcase classname="backend.tests.test_phase2_batch5.TestQuoteDocxExport" name="test_returns_real_docx_with_quote_number" time="0.150" /><testcase classname="backend.tests.test_phase2_batch5.TestQuoteDocxExport" name="test_audit_row_export_docx_written" time="0.291" /><testcase classname="backend.tests.test_phase2_batch5.TestAttachments" name="test_upload_requires_auth" time="0.124" /><testcase classname="backend.tests.test_phase2_batch5.TestAttachments" name="test_upload_unknown_resource_400" time="0.125" /><testcase classname="backend.tests.test_phase2_batch5.TestAttachments" name="test_upload_unknown_quote_404" time="0.103" /><testcase classname="backend.tests.test_phase2_batch5.TestAttachments" name="test_upload_disallowed_extension_400" time="0.119" /><testcase classname="backend.tests.test_phase2_batch5.TestAttachments" name="test_upload_quote_pdf_succeeds_and_persists" time="0.289"><failure message="AssertionError: file not saved at /app/backend/uploads/9ea55de0-40c0-44c6-b11c-1bd5cf0a26cb/quotes/802da412-d7b7-4cc0-829a-809d1e9e847c/a69e6220-3dcb-4c29-ac7d-15aef4a73236.pdf&#10;assert False&#10; +  where False = exists()&#10; +    where exists = PosixPath('/app/backend/uploads/9ea55de0-40c0-44c6-b11c-1bd5cf0a26cb/quotes/802da412-d7b7-4cc0-829a-809d1e9e847c/a69e6220-3dcb-4c29-ac7d-15aef4a73236.pdf').exists">E   AssertionError: file not saved at /app/backend/uploads/9ea55de0-40c0-44c6-b11c-1bd5cf0a26cb/quotes/802da412-d7b7-4cc0-829a-809d1e9e847c/a69e6220-3dcb-4c29-ac7d-15aef4a73236.pdf
    assert False
     +  where False = exists()
     +    where exists = PosixPath('/app/backend/uploads/9ea55de0-40c0-44c6-b11c-1bd5cf0a26cb/quotes/802da412-d7b7-4cc0-829a-809d1e9e847c/a69e6220-3dcb-4c29-ac7d-15aef4a73236.pdf').exists</failure></testcase><testcase classname="backend.tests.test_phase2_batch5.TestAttachments" name="test_upload_invoice_pdf_succeeds" time="0.233" /><testcase classname="backend.tests.test_phase2_batch5.TestAttachments" name="test_list_attachments_excludes_disk_path" time="0.114" /><testcase classname="backend.tests.test_phase2_batch5.TestAttachments" name="test_download_returns_bytes" time="0.000"><skipped type="pytest.skip" message="no attachment from upload step">/app/backend/tests/test_phase2_batch5.py:311: no attachment from upload step</skipped></testcase><testcase classname="backend.tests.test_phase2_batch5.TestAttachments" name="test_download_cross_tenant_404" time="0.334"><skipped type="pytest.skip" message="no attachment from upload step">/app/backend/tests/test_phase2_batch5.py:323: no attachment from upload step</skipped></testcase><testcase classname="backend.tests.test_phase2_batch5.TestAttachments" name="test_delete_cross_tenant_404" time="0.126" /><testcase classname="backend.tests.test_phase2_batch5.TestAttachments" name="test_delete_removes_row_and_file" time="0.000"><skipped type="pytest.skip" message="no attachment from upload step">/app/backend/tests/test_phase2_batch5.py:340: no attachment from upload step</skipped></testcase><testcase classname="backend.tests.test_phase2_batch5.TestCompanyContacts" name="test_returns_owner_scoped_contacts" time="68.345" /><testcase classname="backend.tests.test_phase2_batch5.TestCompanyContacts" name="test_foreign_company_404" time="0.230" /><testcase classname="backend.tests.test_phase2_batch5.TestCompanyContacts" name="test_unknown_company_404" time="0.142" /><testcase classname="backend.tests.test_phase2_batch5.TestRoutingNoConflict" name="test_quotes_export_docx_still_routes" time="0.161" /><testcase classname="backend.tests.test_phase2_batch5.TestRoutingNoConflict" name="test_existing_companies_get_unaffected" time="0.114" /><testcase classname="backend.tests.test_phase2_batch6_accounting.TestSeed" name="test_seed_idempotent" time="0.678" /><testcase classname="backend.tests.test_phase2_batch6_accounting.TestSeed" name="test_seed_creates_66_accounts" time="0.128" /><testcase classname="backend.tests.test_phase2_batch6_accounting.TestCoA" name="test_list_accounts" time="0.137" /><testcase classname="backend.tests.test_phase2_batch6_accounting.TestCoA" name="test_create_account_ok" time="0.130" /><testcase classname="backend.tests.test_phase2_batch6_accounting.TestCoA" name="test_create_account_duplicate_409" time="0.114" /><testcase classname="backend.tests.test_phase2_batch6_accounting.TestCoA" name="test_create_account_missing_field_400" time="0.155" /><testcase classname="backend.tests.test_phase2_batch6_accounting.TestCoA" name="test_create_account_bad_type_400" time="0.129" /><testcase classname="backend.tests.test_phase2_batch6_accounting.TestCoA" name="test_patch_account" time="0.378" /><testcase classname="backend.tests.test_phase2_batch6_accounting.TestJournalPost" name="test_post_balanced_journal" time="0.117" /><testcase classname="backend.tests.test_phase2_batch6_accounting.TestJournalPost" name="test_post_unbalanced_400" time="0.186" /><testcase classname="backend.tests.test_phase2_batch6_accounting.TestJournalPost" name="test_post_one_line_400" time="0.125" /><testcase classname="backend.tests.test_phase2_batch6_accounting.TestJournalPost" name="test_line_both_dr_cr_400" time="0.116" /><testcase classname="backend.tests.test_phase2_batch6_accounting.TestJournalPost" name="test_negative_400" time="0.125" /><testcase classname="backend.tests.test_phase2_batch6_accounting.TestJournalPost" name="test_header_account_400" time="0.137" /><testcase classname="backend.tests.test_phase2_batch6_accounting.TestJournalPost" name="test_unknown_code_400" time="0.132" /><testcase classname="backend.tests.test_phase2_batch6_accounting.TestJournalListAndReverse" name="test_list_period_filter" time="0.109" /><testcase classname="backend.tests.test_phase2_batch6_accounting.TestJournalListAndReverse" name="test_get_journal_detail" time="0.234" /><testcase classname="backend.tests.test_phase2_batch6_accounting.TestJournalListAndReverse" name="test_reverse_journal" time="0.467" /><testcase classname="backend.tests.test_phase2_batch6_accounting.TestInvoiceAutoJournal" name="test_invoice_creates_journal" time="0.369" /><testcase classname="backend.tests.test_phase2_batch6_accounting.TestReports" name="test_trial_balance_balanced" time="0.142" /><testcase classname="backend.tests.test_phase2_batch6_accounting.TestReports" name="test_income_statement" time="0.138" /><testcase classname="backend.tests.test_phase2_batch6_accounting.TestReports" name="test_balance_sheet_balanced" time="0.114" /><testcase classname="backend.tests.test_phase2_batch6_accounting.TestReports" name="test_vat201" time="0.119" /><testcase classname="backend.tests.test_phase2_batch6_accounting.TestReports" name="test_general_ledger_known_code" time="0.132" /><testcase classname="backend.tests.test_phase2_batch6_accounting.TestReports" name="test_general_ledger_unknown_404" time="0.123" /><testcase classname="backend.tests.test_phase2_batch6_accounting.TestPeriods" name="test_list_periods" time="0.101" /><testcase classname="backend.tests.test_phase2_batch6_accounting.TestPeriods" name="test_lock_blocks_post" time="0.323" /><testcase classname="backend.tests.test_phase2_batch6_accounting.TestPeriods" name="test_close_period" time="0.230" /><testcase classname="backend.tests.test_phase2_batch6_accounting.TestPeriods" name="test_signoff_and_notes" time="0.252" /><testcase classname="backend.tests.test_phase2_batch6_accounting.TestRBAC" name="test_rep_cannot_seed" time="0.609" /><testcase classname="backend.tests.test_phase2_batch6_accounting.TestRBAC" name="test_rep_cannot_create_account" time="0.126" /><testcase classname="backend.tests.test_phase2_batch6_accounting.TestRBAC" name="test_rep_cannot_post_journal" time="0.172" /><testcase classname="backend.tests.test_phase2_batch6_accounting.TestRBAC" name="test_rep_cannot_close_period" time="0.099" /><testcase classname="backend.tests.test_phase2_batch6_accounting.TestRBAC" name="test_rep_can_read_accounts" time="0.114" /><testcase classname="backend.tests.test_phase2_batch6_accounting.TestRBAC" name="test_rep_can_read_trial_balance" time="0.116" /><testcase classname="backend.tests.test_phase2_batch6_accounting.TestInvoiceRegression" name="test_invoice_create_succeeds_even_if_no_coa" time="0.585" /><testcase classname="backend.tests.test_phase2_batch7_bank_assets_receipts.TestPdfExports" name="test_trial_balance_pdf" time="0.969" /><testcase classname="backend.tests.test_phase2_batch7_bank_assets_receipts.TestPdfExports" name="test_income_statement_pdf" time="0.119" /><testcase classname="backend.tests.test_phase2_batch7_bank_assets_receipts.TestPdfExports" name="test_balance_sheet_pdf" time="0.131" /><testcase classname="backend.tests.test_phase2_batch7_bank_assets_receipts.TestPdfExports" name="test_vat201_pdf" time="0.116" /><testcase classname="backend.tests.test_phase2_batch7_bank_assets_receipts.TestBankAccountsCRUD" name="test_create_bank_account" time="0.127" /><testcase classname="backend.tests.test_phase2_batch7_bank_assets_receipts.TestBankAccountsCRUD" name="test_list_bank_accounts" time="0.108" /><testcase classname="backend.tests.test_phase2_batch7_bank_assets_receipts.TestBankAccountsCRUD" name="test_rep_cannot_create_bank_account" time="0.556" /><testcase classname="backend.tests.test_phase2_batch7_bank_assets_receipts.TestBankCsvImport" name="test_import_csv_5_rows" time="0.240" /><testcase classname="backend.tests.test_phase2_batch7_bank_assets_receipts.TestBankCsvImport" name="test_list_unreconciled" time="0.126" /><testcase classname="backend.tests.test_phase2_batch7_bank_assets_receipts.TestBankCsvImport" name="test_csv_missing_column_400" time="0.125" /><testcase classname="backend.tests.test_phase2_batch7_bank_assets_receipts.TestSuggestMatches" name="test_suggest_matches_for_invoice_payment" time="0.117" /><testcase classname="backend.tests.test_phase2_batch7_bank_assets_receipts.TestReconcileInvoice" name="test_reconcile_invoice_match" time="0.323" /><testcase classname="backend.tests.test_phase2_batch7_bank_assets_receipts.TestReconcileInvoice" name="test_unreconcile_creates_reverse" time="0.514" /><testcase classname="backend.tests.test_phase2_batch7_bank_assets_receipts.TestReconcileExpense" name="test_reconcile_expense_match" time="0.210" /><testcase classname="backend.tests.test_phase2_batch7_bank_assets_receipts.TestReconcileExpense" name="test_reconcile_missing_account_400" time="0.111" /><testcase classname="backend.tests.test_phase2_batch7_bank_assets_receipts.TestFixedAssets" name="test_create_asset" time="1.146" /><testcase classname="backend.tests.test_phase2_batch7_bank_assets_receipts.TestFixedAssets" name="test_get_asset_with_schedule" time="0.125" /><testcase classname="backend.tests.test_phase2_batch7_bank_assets_receipts.TestFixedAssets" name="test_list_assets" time="0.109" /><testcase classname="backend.tests.test_phase2_batch7_bank_assets_receipts.TestFixedAssets" name="test_bad_cost_400" time="0.108" /><testcase classname="backend.tests.test_phase2_batch7_bank_assets_receipts.TestFixedAssets" name="test_depreciation_run" time="0.429" /><testcase classname="backend.tests.test_phase2_batch7_bank_assets_receipts.TestFixedAssets" name="test_dispose_asset" time="0.265" /><testcase classname="backend.tests.test_phase2_batch7_bank_assets_receipts.TestReceipts" name="test_scan_receipt" time="0.166" /><testcase classname="backend.tests.test_phase2_batch7_bank_assets_receipts.TestReceipts" name="test_list_receipts" time="0.124" /><testcase classname="backend.tests.test_phase2_batch7_bank_assets_receipts.TestReceipts" name="test_post_receipt_as_expense" time="0.347" /><testcase classname="backend.tests.test_phase2_batch7_bank_assets_receipts.TestReceipts" name="test_delete_posted_400" time="0.102" /><testcase classname="backend.tests.test_phase2_batch7_bank_assets_receipts.TestReceipts" name="test_delete_pending_receipt" time="0.258" /><testcase classname="backend.tests.test_phase2_batch7_bank_assets_receipts.TestReceipts" name="test_unsupported_filetype_400" time="0.107" /><testcase classname="backend.tests.test_phase2_batch7_bank_assets_receipts.TestBatch7RBAC" name="test_rep_cannot_import_csv" time="0.104" /><testcase classname="backend.tests.test_phase2_batch7_bank_assets_receipts.TestBatch7RBAC" name="test_rep_cannot_create_fixed_asset" time="0.156" /><testcase classname="backend.tests.test_phase2_batch7_bank_assets_receipts.TestBatch7RBAC" name="test_rep_cannot_depreciate" time="0.115" /><testcase classname="backend.tests.test_phase2_batch7_bank_assets_receipts.TestBatch7RBAC" name="test_rep_cannot_post_receipt" time="0.134" /><testcase classname="backend.tests.test_phase2_batch7_bank_assets_receipts.TestTenantIsolation" name="test_bank_account_not_visible_to_another_owner" time="0.435" /><testcase classname="backend.tests.test_phase2_batch7_bank_assets_receipts.TestTenantIsolation" name="test_cannot_reconcile_other_owners_tx" time="0.623" /></testsuite></testsuites>