<?xml version="1.0" encoding="utf-8"?><testsuites name="pytest tests"><testsuite name="pytest" errors="0" failures="0" skipped="0" tests="29" time="6.102" timestamp="2026-04-21T12:02:09.232974+00:00" hostname="agent-env-9ccf8763-a43c-4df3-b12e-4c01d8cc82bc"><testcase classname="backend.tests.test_phase2_batch3.TestAuthMe" name="test_me_owner_role_and_ids" time="0.508" /><testcase classname="backend.tests.test_phase2_batch3.TestInviteFlow" name="test_create_invite" time="0.103" /><testcase classname="backend.tests.test_phase2_batch3.TestInviteFlow" name="test_list_invites_contains_created" time="0.118" /><testcase classname="backend.tests.test_phase2_batch3.TestInviteFlow" name="test_peek_invite_public_and_no_token_echo" time="0.102" /><testcase classname="backend.tests.test_phase2_batch3.TestInviteFlow" name="test_accept_invite_creates_rep_user" time="0.348" /><testcase classname="backend.tests.test_phase2_batch3.TestInviteFlow" name="test_reuse_accepted_token_returns_404" time="0.107" /><testcase classname="backend.tests.test_phase2_batch3.TestInviteFlow" name="test_cleanup_accepted_rep" time="0.104" /><testcase classname="backend.tests.test_phase2_batch3.TestInviteFlow" name="test_revoke_pending_invite" time="0.332" /><testcase classname="backend.tests.test_phase2_batch3.TestDataScoping" name="test_rep_me_has_owner_team_id" time="0.583" /><testcase classname="backend.tests.test_phase2_batch3.TestDataScoping" name="test_rep_sees_owner_records[/companies]" time="0.232" /><testcase classname="backend.tests.test_phase2_batch3.TestDataScoping" name="test_rep_sees_owner_records[/contacts]" time="0.212" /><testcase classname="backend.tests.test_phase2_batch3.TestDataScoping" name="test_rep_sees_owner_records[/deals]" time="0.240" /><testcase classname="backend.tests.test_phase2_batch3.TestRBAC" name="test_rep_cannot_create_invite" time="0.107" /><testcase classname="backend.tests.test_phase2_batch3.TestRBAC" name="test_rep_cannot_patch_member_role" time="0.130" /><testcase classname="backend.tests.test_phase2_batch3.TestRBAC" name="test_owner_can_patch_member_role" time="0.212" /><testcase classname="backend.tests.test_phase2_batch3.TestTeamMembers" name="test_owner_sees_self_and_invited" time="0.124" /><testcase classname="backend.tests.test_phase2_batch3.TestTeamMembers" name="test_rep_sees_same_set" time="0.104" /><testcase classname="backend.tests.test_phase2_batch3.TestAuditAttribution" name="test_rep_mutation_writes_audit_with_rep_actor_id" time="0.479" /><testcase classname="backend.tests.test_phase2_batch3.TestIMAPConfig" name="test_initial_config_is_null" time="0.232" /><testcase classname="backend.tests.test_phase2_batch3.TestIMAPConfig" name="test_save_and_obfuscate_password" time="0.262" /><testcase classname="backend.tests.test_phase2_batch3.TestIMAPConfig" name="test_imap_sync_without_password_returns_400" time="0.127" /><testcase classname="backend.tests.test_phase2_batch3.TestIMAPConfig" name="test_imap_sync_with_stub_creds_502" time="0.129" /><testcase classname="backend.tests.test_phase2_batch3.TestIMAPConfig" name="test_delete_config" time="0.237" /><testcase classname="backend.tests.test_phase2_batch3.TestIMAPConfig" name="test_imap_sync_no_config_400" time="0.111" /><testcase classname="backend.tests.test_phase2_batch3.TestRegression" name="test_companies_list" time="0.120" /><testcase classname="backend.tests.test_phase2_batch3.TestRegression" name="test_deals_list" time="0.132" /><testcase classname="backend.tests.test_phase2_batch3.TestRegression" name="test_scheduler_status" time="0.107" /><testcase classname="backend.tests.test_phase2_batch3.TestRegression" name="test_forms_delete_endpoint_exists" time="0.129" /><testcase classname="backend.tests.test_phase2_batch3.TestRegression" name="test_tasks_list" time="0.265" /></testsuite></testsuites>