<?xml version="1.0" encoding="utf-8"?><testsuites name="pytest tests"><testsuite name="pytest" errors="26" failures="4" skipped="17" tests="132" time="24.495" timestamp="2026-04-22T19:10:24.247662+00:00" hostname="agent-env-9ccf8763-a43c-4df3-b12e-4c01d8cc82bc"><testcase classname="backend.tests.test_phase2.TestSubscriptions" name="test_create_sub" time="0.324"><skipped type="pytest.skip" message="Demo login failed: 404 404 page not found">/app/backend/tests/test_phase2.py:55: Demo login failed: 404 404 page not found</skipped></testcase><testcase classname="backend.tests.test_phase2.TestSubscriptions" name="test_list_subs" time="0.000"><skipped type="pytest.skip" message="Demo login failed: 404 404 page not found">/app/backend/tests/test_phase2.py:69: Demo login failed: 404 404 page not found</skipped></testcase><testcase classname="backend.tests.test_phase2.TestSubscriptions" name="test_tick_creates_invoice_and_advances" time="0.000"><skipped type="pytest.skip" message="Demo login failed: 404 404 page not found">/app/backend/tests/test_phase2.py:75: Demo login failed: 404 404 page not found</skipped></testcase><testcase classname="backend.tests.test_phase2.TestSubscriptions" name="test_mark_failed_dunning" time="0.000"><skipped type="pytest.skip" message="Demo login failed: 404 404 page not found">/app/backend/tests/test_phase2.py:91: Demo login failed: 404 404 page not found</skipped></testcase><testcase classname="backend.tests.test_phase2.TestSubscriptions" name="test_patch_status" time="0.000"><skipped type="pytest.skip" message="Demo login failed: 404 404 page not found">/app/backend/tests/test_phase2.py:110: Demo login failed: 404 404 page not found</skipped></testcase><testcase classname="backend.tests.test_phase2.TestSubscriptions" name="test_soft_delete" time="0.000"><skipped type="pytest.skip" message="Demo login failed: 404 404 page not found">/app/backend/tests/test_phase2.py:117: Demo login failed: 404 404 page not found</skipped></testcase><testcase classname="backend.tests.test_phase2.TestAutomations" name="test_create_with_trigger_and_actions" time="0.000"><skipped type="pytest.skip" message="Demo login failed: 404 404 page not found">/app/backend/tests/test_phase2.py:128: Demo login failed: 404 404 page not found</skipped></testcase><testcase classname="backend.tests.test_phase2.TestAutomations" name="test_patch_enabled" time="0.000"><skipped type="pytest.skip" message="Demo login failed: 404 404 page not found">/app/backend/tests/test_phase2.py:144: Demo login failed: 404 404 page not found</skipped></testcase><testcase classname="backend.tests.test_phase2.TestAutomations" name="test_execution_via_stage_change" time="0.000"><skipped type="pytest.skip" message="Demo login failed: 404 404 page not found">/app/backend/tests/test_phase2.py:152: Demo login failed: 404 404 page not found</skipped></testcase><testcase classname="backend.tests.test_phase2.TestAutomations" name="test_test_endpoint" time="0.000"><skipped type="pytest.skip" message="Demo login failed: 404 404 page not found">/app/backend/tests/test_phase2.py:199: Demo login failed: 404 404 page not found</skipped></testcase><testcase classname="backend.tests.test_phase2.TestAutomations" name="test_form_submission_trigger" time="0.000"><skipped type="pytest.skip" message="Demo login failed: 404 404 page not found">/app/backend/tests/test_phase2.py:207: Demo login failed: 404 404 page not found</skipped></testcase><testcase classname="backend.tests.test_phase2.TestAutomations" name="test_delete" time="0.000"><skipped type="pytest.skip" message="Demo login failed: 404 404 page not found">/app/backend/tests/test_phase2.py:232: Demo login failed: 404 404 page not found</skipped></testcase><testcase classname="backend.tests.test_phase2.TestSEO" name="test_create_page_with_checklist" time="0.000"><skipped type="pytest.skip" message="Demo login failed: 404 404 page not found">/app/backend/tests/test_phase2.py:239: Demo login failed: 404 404 page not found</skipped></testcase><testcase classname="backend.tests.test_phase2.TestSEO" name="test_list_returns_checklist" time="0.000"><skipped type="pytest.skip" message="Demo login failed: 404 404 page not found">/app/backend/tests/test_phase2.py:253: Demo login failed: 404 404 page not found</skipped></testcase><testcase classname="backend.tests.test_phase2.TestSEO" name="test_sitemap_xml" time="0.000"><skipped type="pytest.skip" message="Demo login failed: 404 404 page not found">/app/backend/tests/test_phase2.py:264: Demo login failed: 404 404 page not found</skipped></testcase><testcase classname="backend.tests.test_phase2.TestSEO" name="test_schema_suggest_llm" time="0.000"><skipped type="pytest.skip" message="Demo login failed: 404 404 page not found">/app/backend/tests/test_phase2.py:271: Demo login failed: 404 404 page not found</skipped></testcase><testcase classname="backend.tests.test_phase2.TestSEO" name="test_delete" time="0.000"><skipped type="pytest.skip" message="Demo login failed: 404 404 page not found">/app/backend/tests/test_phase2.py:285: Demo login failed: 404 404 page not found</skipped></testcase><testcase classname="backend.tests.test_phase2.TestCalendlyWebhook" name="test_inbound_creates_contact_and_deal" time="0.170"><failure message="AssertionError: 404 page not found&#10;  &#10;assert 404 == 200&#10; +  where 404 = &lt;Response [404]&gt;.status_code">E   AssertionError: 404 page not found
      
    assert 404 == 200
     +  where 404 = &lt;Response [404]&gt;.status_code</failure></testcase><testcase classname="backend.tests.test_phase2_batch2.TestTasks" name="test_create_task_with_contact" time="0.512" /><testcase classname="backend.tests.test_phase2_batch2.TestTasks" name="test_create_task_with_deal" time="0.175" /><testcase classname="backend.tests.test_phase2_batch2.TestTasks" name="test_list_tasks_contains_created" time="0.053" /><testcase classname="backend.tests.test_phase2_batch2.TestTasks" name="test_patch_status_done_sets_completed_at" time="0.068" /><testcase classname="backend.tests.test_phase2_batch2.TestTasks" name="test_delete_task" time="0.128" /><testcase classname="backend.tests.test_phase2_batch2.TestEmailLog" name="test_log_email_and_bump_contact" time="0.125" /><testcase classname="backend.tests.test_phase2_batch2.TestEmailLog" name="test_list_emails_by_contact_sorted" time="0.112" /><testcase classname="backend.tests.test_phase2_batch2.TestEmailLog" name="test_delete_email" time="0.082" /><testcase classname="backend.tests.test_phase2_batch2.TestContactTimeline" name="test_timeline_includes_emails" time="0.124" /><testcase classname="backend.tests.test_phase2_batch2.TestScheduler" name="test_status_shape" time="0.056" /><testcase classname="backend.tests.test_phase2_batch2.TestFunnel" name="test_create_multistep" time="0.061" /><testcase classname="backend.tests.test_phase2_batch2.TestFunnel" name="test_public_returns_steps" time="0.115" /><testcase classname="backend.tests.test_phase2_batch2.TestFunnel" name="test_public_submit_creates_contact" time="0.181" /><testcase classname="backend.tests.test_phase2_batch2.TestFunnel" name="test_cleanup" time="0.099" /><testcase classname="backend.tests.test_phase2_batch2.TestAIReply" name="test_reply_draft" time="4.804" /><testcase classname="backend.tests.test_phase2_batch3.TestAuthMe" name="test_me_owner_role_and_ids" time="0.154"><error message="failed on setup with &quot;AssertionError: 404 page not found&#10;  &#10;assert 404 == 200&#10; +  where 404 = &lt;Response [404]&gt;.status_code&quot;">E   AssertionError: 404 page not found
      
    assert 404 == 200
     +  where 404 = &lt;Response [404]&gt;.status_code</error></testcase><testcase classname="backend.tests.test_phase2_batch3.TestInviteFlow" name="test_create_invite" time="0.000"><error message="failed on setup with &quot;AssertionError: 404 page not found&#10;  &#10;assert 404 == 200&#10; +  where 404 = &lt;Response [404]&gt;.status_code&quot;">E   AssertionError: 404 page not found
      
    assert 404 == 200
     +  where 404 = &lt;Response [404]&gt;.status_code</error></testcase><testcase classname="backend.tests.test_phase2_batch3.TestInviteFlow" name="test_list_invites_contains_created" time="0.000"><error message="failed on setup with &quot;AssertionError: 404 page not found&#10;  &#10;assert 404 == 200&#10; +  where 404 = &lt;Response [404]&gt;.status_code&quot;">E   AssertionError: 404 page not found
      
    assert 404 == 200
     +  where 404 = &lt;Response [404]&gt;.status_code</error></testcase><testcase classname="backend.tests.test_phase2_batch3.TestInviteFlow" name="test_peek_invite_public_and_no_token_echo" time="0.000"><failure message="KeyError: 'invite'">E   KeyError: 'invite'</failure></testcase><testcase classname="backend.tests.test_phase2_batch3.TestInviteFlow" name="test_accept_invite_creates_rep_user" time="0.000"><failure message="KeyError: 'invite'">E   KeyError: 'invite'</failure></testcase><testcase classname="backend.tests.test_phase2_batch3.TestInviteFlow" name="test_reuse_accepted_token_returns_404" time="0.000"><failure message="KeyError: 'invite'">E   KeyError: 'invite'</failure></testcase><testcase classname="backend.tests.test_phase2_batch3.TestInviteFlow" name="test_cleanup_accepted_rep" time="0.000"><error message="failed on setup with &quot;AssertionError: 404 page not found&#10;  &#10;assert 404 == 200&#10; +  where 404 = &lt;Response [404]&gt;.status_code&quot;">E   AssertionError: 404 page not found
      
    assert 404 == 200
     +  where 404 = &lt;Response [404]&gt;.status_code</error></testcase><testcase classname="backend.tests.test_phase2_batch3.TestInviteFlow" name="test_revoke_pending_invite" time="0.000"><error message="failed on setup with &quot;AssertionError: 404 page not found&#10;  &#10;assert 404 == 200&#10; +  where 404 = &lt;Response [404]&gt;.status_code&quot;">E   AssertionError: 404 page not found
      
    assert 404 == 200
     +  where 404 = &lt;Response [404]&gt;.status_code</error></testcase><testcase classname="backend.tests.test_phase2_batch3.TestDataScoping" name="test_rep_me_has_owner_team_id" time="0.000"><error message="failed on setup with &quot;AssertionError: 404 page not found&#10;  &#10;assert 404 == 200&#10; +  where 404 = &lt;Response [404]&gt;.status_code&quot;">E   AssertionError: 404 page not found
      
    assert 404 == 200
     +  where 404 = &lt;Response [404]&gt;.status_code</error></testcase><testcase classname="backend.tests.test_phase2_batch3.TestDataScoping" name="test_rep_sees_owner_records[/companies]" time="0.000"><error message="failed on setup with &quot;AssertionError: 404 page not found&#10;  &#10;assert 404 == 200&#10; +  where 404 = &lt;Response [404]&gt;.status_code&quot;">E   AssertionError: 404 page not found
      
    assert 404 == 200
     +  where 404 = &lt;Response [404]&gt;.status_code</error></testcase><testcase classname="backend.tests.test_phase2_batch3.TestDataScoping" name="test_rep_sees_owner_records[/contacts]" time="0.002"><error message="failed on setup with &quot;AssertionError: 404 page not found&#10;  &#10;assert 404 == 200&#10; +  where 404 = &lt;Response [404]&gt;.status_code&quot;">E   AssertionError: 404 page not found
      
    assert 404 == 200
     +  where 404 = &lt;Response [404]&gt;.status_code</error></testcase><testcase classname="backend.tests.test_phase2_batch3.TestDataScoping" name="test_rep_sees_owner_records[/deals]" time="0.000"><error message="failed on setup with &quot;AssertionError: 404 page not found&#10;  &#10;assert 404 == 200&#10; +  where 404 = &lt;Response [404]&gt;.status_code&quot;">E   AssertionError: 404 page not found
      
    assert 404 == 200
     +  where 404 = &lt;Response [404]&gt;.status_code</error></testcase><testcase classname="backend.tests.test_phase2_batch3.TestRBAC" name="test_rep_cannot_create_invite" time="0.000"><error message="failed on setup with &quot;AssertionError: 404 page not found&#10;  &#10;assert 404 == 200&#10; +  where 404 = &lt;Response [404]&gt;.status_code&quot;">E   AssertionError: 404 page not found
      
    assert 404 == 200
     +  where 404 = &lt;Response [404]&gt;.status_code</error></testcase><testcase classname="backend.tests.test_phase2_batch3.TestRBAC" name="test_rep_cannot_patch_member_role" time="0.000"><error message="failed on setup with &quot;AssertionError: 404 page not found&#10;  &#10;assert 404 == 200&#10; +  where 404 = &lt;Response [404]&gt;.status_code&quot;">E   AssertionError: 404 page not found
      
    assert 404 == 200
     +  where 404 = &lt;Response [404]&gt;.status_code</error></testcase><testcase classname="backend.tests.test_phase2_batch3.TestRBAC" name="test_owner_can_patch_member_role" time="0.000"><error message="failed on setup with &quot;AssertionError: 404 page not found&#10;  &#10;assert 404 == 200&#10; +  where 404 = &lt;Response [404]&gt;.status_code&quot;">E   AssertionError: 404 page not found
      
    assert 404 == 200
     +  where 404 = &lt;Response [404]&gt;.status_code</error></testcase><testcase classname="backend.tests.test_phase2_batch3.TestTeamMembers" name="test_owner_sees_self_and_invited" time="0.000"><error message="failed on setup with &quot;AssertionError: 404 page not found&#10;  &#10;assert 404 == 200&#10; +  where 404 = &lt;Response [404]&gt;.status_code&quot;">E   AssertionError: 404 page not found
      
    assert 404 == 200
     +  where 404 = &lt;Response [404]&gt;.status_code</error></testcase><testcase classname="backend.tests.test_phase2_batch3.TestTeamMembers" name="test_rep_sees_same_set" time="0.000"><error message="failed on setup with &quot;AssertionError: 404 page not found&#10;  &#10;assert 404 == 200&#10; +  where 404 = &lt;Response [404]&gt;.status_code&quot;">E   AssertionError: 404 page not found
      
    assert 404 == 200
     +  where 404 = &lt;Response [404]&gt;.status_code</error></testcase><testcase classname="backend.tests.test_phase2_batch3.TestAuditAttribution" name="test_rep_mutation_writes_audit_with_rep_actor_id" time="0.000"><error message="failed on setup with &quot;AssertionError: 404 page not found&#10;  &#10;assert 404 == 200&#10; +  where 404 = &lt;Response [404]&gt;.status_code&quot;">E   AssertionError: 404 page not found
      
    assert 404 == 200
     +  where 404 = &lt;Response [404]&gt;.status_code</error></testcase><testcase classname="backend.tests.test_phase2_batch3.TestIMAPConfig" name="test_initial_config_is_null" time="0.000"><error message="failed on setup with &quot;AssertionError: 404 page not found&#10;  &#10;assert 404 == 200&#10; +  where 404 = &lt;Response [404]&gt;.status_code&quot;">E   AssertionError: 404 page not found
      
    assert 404 == 200
     +  where 404 = &lt;Response [404]&gt;.status_code</error></testcase><testcase classname="backend.tests.test_phase2_batch3.TestIMAPConfig" name="test_save_and_obfuscate_password" time="0.000"><error message="failed on setup with &quot;AssertionError: 404 page not found&#10;  &#10;assert 404 == 200&#10; +  where 404 = &lt;Response [404]&gt;.status_code&quot;">E   AssertionError: 404 page not found
      
    assert 404 == 200
     +  where 404 = &lt;Response [404]&gt;.status_code</error></testcase><testcase classname="backend.tests.test_phase2_batch3.TestIMAPConfig" name="test_imap_sync_without_password_returns_400" time="0.000"><error message="failed on setup with &quot;AssertionError: 404 page not found&#10;  &#10;assert 404 == 200&#10; +  where 404 = &lt;Response [404]&gt;.status_code&quot;">E   AssertionError: 404 page not found
      
    assert 404 == 200
     +  where 404 = &lt;Response [404]&gt;.status_code</error></testcase><testcase classname="backend.tests.test_phase2_batch3.TestIMAPConfig" name="test_imap_sync_with_stub_creds_502" time="0.000"><error message="failed on setup with &quot;AssertionError: 404 page not found&#10;  &#10;assert 404 == 200&#10; +  where 404 = &lt;Response [404]&gt;.status_code&quot;">E   AssertionError: 404 page not found
      
    assert 404 == 200
     +  where 404 = &lt;Response [404]&gt;.status_code</error></testcase><testcase classname="backend.tests.test_phase2_batch3.TestIMAPConfig" name="test_delete_config" time="0.000"><error message="failed on setup with &quot;AssertionError: 404 page not found&#10;  &#10;assert 404 == 200&#10; +  where 404 = &lt;Response [404]&gt;.status_code&quot;">E   AssertionError: 404 page not found
      
    assert 404 == 200
     +  where 404 = &lt;Response [404]&gt;.status_code</error></testcase><testcase classname="backend.tests.test_phase2_batch3.TestIMAPConfig" name="test_imap_sync_no_config_400" time="0.000"><error message="failed on setup with &quot;AssertionError: 404 page not found&#10;  &#10;assert 404 == 200&#10; +  where 404 = &lt;Response [404]&gt;.status_code&quot;">E   AssertionError: 404 page not found
      
    assert 404 == 200
     +  where 404 = &lt;Response [404]&gt;.status_code</error></testcase><testcase classname="backend.tests.test_phase2_batch3.TestRegression" name="test_companies_list" time="0.000"><error message="failed on setup with &quot;AssertionError: 404 page not found&#10;  &#10;assert 404 == 200&#10; +  where 404 = &lt;Response [404]&gt;.status_code&quot;">E   AssertionError: 404 page not found
      
    assert 404 == 200
     +  where 404 = &lt;Response [404]&gt;.status_code</error></testcase><testcase classname="backend.tests.test_phase2_batch3.TestRegression" name="test_deals_list" time="0.000"><error message="failed on setup with &quot;AssertionError: 404 page not found&#10;  &#10;assert 404 == 200&#10; +  where 404 = &lt;Response [404]&gt;.status_code&quot;">E   AssertionError: 404 page not found
      
    assert 404 == 200
     +  where 404 = &lt;Response [404]&gt;.status_code</error></testcase><testcase classname="backend.tests.test_phase2_batch3.TestRegression" name="test_scheduler_status" time="0.000"><error message="failed on setup with &quot;AssertionError: 404 page not found&#10;  &#10;assert 404 == 200&#10; +  where 404 = &lt;Response [404]&gt;.status_code&quot;">E   AssertionError: 404 page not found
      
    assert 404 == 200
     +  where 404 = &lt;Response [404]&gt;.status_code</error></testcase><testcase classname="backend.tests.test_phase2_batch3.TestRegression" name="test_forms_delete_endpoint_exists" time="0.000"><error message="failed on setup with &quot;AssertionError: 404 page not found&#10;  &#10;assert 404 == 200&#10; +  where 404 = &lt;Response [404]&gt;.status_code&quot;">E   AssertionError: 404 page not found
      
    assert 404 == 200
     +  where 404 = &lt;Response [404]&gt;.status_code</error></testcase><testcase classname="backend.tests.test_phase2_batch3.TestRegression" name="test_tasks_list" time="0.000"><error message="failed on setup with &quot;AssertionError: 404 page not found&#10;  &#10;assert 404 == 200&#10; +  where 404 = &lt;Response [404]&gt;.status_code&quot;">E   AssertionError: 404 page not found
      
    assert 404 == 200
     +  where 404 = &lt;Response [404]&gt;.status_code</error></testcase><testcase classname="backend.tests.test_phase2_batch4.TestIntegrationsCatalog" name="test_paypal_entry_auto_connected" time="0.559" /><testcase classname="backend.tests.test_phase2_batch4.TestPaypalCheckout" name="test_requires_auth" time="0.116" /><testcase classname="backend.tests.test_phase2_batch4.TestPaypalCheckout" name="test_unknown_invoice_404" time="0.123" /><testcase classname="backend.tests.test_phase2_batch4.TestPaypalCheckout" name="test_creates_real_sandbox_order" time="1.273" /><testcase classname="backend.tests.test_phase2_batch4.TestPaypalCheckout" name="test_payment_transaction_and_invoice_updated" time="0.119" /><testcase classname="backend.tests.test_phase2_batch4.TestPaypalCheckout" name="test_audit_paypal_checkout_written" time="0.164" /><testcase classname="backend.tests.test_phase2_batch4.TestPaypalStatus" name="test_status_created_pending_for_fresh_order" time="0.848" /><testcase classname="backend.tests.test_phase2_batch4.TestPaypalStatus" name="test_status_bogus_order_404" time="0.119" /><testcase classname="backend.tests.test_phase2_batch4.TestPaypalWebhook" name="test_webhook_bogus_order_accepted_no_invoice_changed" time="0.127" /><testcase classname="backend.tests.test_phase2_batch4.TestPaypalWebhook" name="test_webhook_capture_completed_marks_invoice_paid" time="0.379" /><testcase classname="backend.tests.test_phase2_batch4.TestPaypalWebhook" name="test_webhook_invalid_json_returns_received_false" time="0.119" /><testcase classname="backend.tests.test_phase2_batch5.TestQuoteValidDays" name="test_create_with_valid_days_computes_valid_until" time="0.603" /><testcase classname="backend.tests.test_phase2_batch5.TestQuoteValidDays" name="test_explicit_valid_until_wins" time="0.117" /><testcase classname="backend.tests.test_phase2_batch5.TestQuoteValidDays" name="test_put_valid_days_recomputes" time="0.383" /><testcase classname="backend.tests.test_phase2_batch5.TestQuoteDocxExport" name="test_requires_auth" time="0.132" /><testcase classname="backend.tests.test_phase2_batch5.TestQuoteDocxExport" name="test_unknown_quote_404" time="0.219" /><testcase classname="backend.tests.test_phase2_batch5.TestQuoteDocxExport" name="test_returns_real_docx_with_quote_number" time="0.170" /><testcase classname="backend.tests.test_phase2_batch5.TestQuoteDocxExport" name="test_audit_row_export_docx_written" time="0.337" /><testcase classname="backend.tests.test_phase2_batch5.TestAttachments" name="test_upload_requires_auth" time="0.116" /><testcase classname="backend.tests.test_phase2_batch5.TestAttachments" name="test_upload_unknown_resource_400" time="0.128" /><testcase classname="backend.tests.test_phase2_batch5.TestAttachments" name="test_upload_unknown_quote_404" time="0.131" /><testcase classname="backend.tests.test_phase2_batch5.TestAttachments" name="test_upload_disallowed_extension_400" time="0.134" /><testcase classname="backend.tests.test_phase2_batch5.TestAttachments" name="test_upload_quote_pdf_succeeds_and_persists" time="0.255" /><testcase classname="backend.tests.test_phase2_batch5.TestAttachments" name="test_upload_invoice_pdf_succeeds" time="0.260" /><testcase classname="backend.tests.test_phase2_batch5.TestAttachments" name="test_list_attachments_excludes_disk_path" time="0.119" /><testcase classname="backend.tests.test_phase2_batch5.TestAttachments" name="test_download_returns_bytes" time="0.112" /><testcase classname="backend.tests.test_phase2_batch5.TestAttachments" name="test_download_cross_tenant_404" time="0.450" /><testcase classname="backend.tests.test_phase2_batch5.TestAttachments" name="test_delete_cross_tenant_404" time="0.112" /><testcase classname="backend.tests.test_phase2_batch5.TestAttachments" name="test_delete_removes_row_and_file" time="0.345" /><testcase classname="backend.tests.test_phase2_batch5.TestCompanyContacts" name="test_returns_owner_scoped_contacts" time="0.384" /><testcase classname="backend.tests.test_phase2_batch5.TestCompanyContacts" name="test_foreign_company_404" time="0.265" /><testcase classname="backend.tests.test_phase2_batch5.TestCompanyContacts" name="test_unknown_company_404" time="0.117" /><testcase classname="backend.tests.test_phase2_batch5.TestRoutingNoConflict" name="test_quotes_export_docx_still_routes" time="0.139" /><testcase classname="backend.tests.test_phase2_batch5.TestRoutingNoConflict" name="test_existing_companies_get_unaffected" time="0.116" /><testcase classname="backend.tests.test_phase2_batch6_accounting.TestSeed" name="test_seed_idempotent" time="0.666" /><testcase classname="backend.tests.test_phase2_batch6_accounting.TestSeed" name="test_seed_creates_66_accounts" time="0.129" /><testcase classname="backend.tests.test_phase2_batch6_accounting.TestCoA" name="test_list_accounts" time="0.112" /><testcase classname="backend.tests.test_phase2_batch6_accounting.TestCoA" name="test_create_account_ok" time="0.153" /><testcase classname="backend.tests.test_phase2_batch6_accounting.TestCoA" name="test_create_account_duplicate_409" time="0.192" /><testcase classname="backend.tests.test_phase2_batch6_accounting.TestCoA" name="test_create_account_missing_field_400" time="0.134" /><testcase classname="backend.tests.test_phase2_batch6_accounting.TestCoA" name="test_create_account_bad_type_400" time="0.121" /><testcase classname="backend.tests.test_phase2_batch6_accounting.TestCoA" name="test_patch_account" time="0.394" /><testcase classname="backend.tests.test_phase2_batch6_accounting.TestJournalPost" name="test_post_balanced_journal" time="0.127" /><testcase classname="backend.tests.test_phase2_batch6_accounting.TestJournalPost" name="test_post_unbalanced_400" time="0.148" /><testcase classname="backend.tests.test_phase2_batch6_accounting.TestJournalPost" name="test_post_one_line_400" time="0.116" /><testcase classname="backend.tests.test_phase2_batch6_accounting.TestJournalPost" name="test_line_both_dr_cr_400" time="0.145" /><testcase classname="backend.tests.test_phase2_batch6_accounting.TestJournalPost" name="test_negative_400" time="0.120" /><testcase classname="backend.tests.test_phase2_batch6_accounting.TestJournalPost" name="test_header_account_400" time="0.115" /><testcase classname="backend.tests.test_phase2_batch6_accounting.TestJournalPost" name="test_unknown_code_400" time="0.144" /><testcase classname="backend.tests.test_phase2_batch6_accounting.TestJournalListAndReverse" name="test_list_period_filter" time="0.118" /><testcase classname="backend.tests.test_phase2_batch6_accounting.TestJournalListAndReverse" name="test_get_journal_detail" time="0.249" /><testcase classname="backend.tests.test_phase2_batch6_accounting.TestJournalListAndReverse" name="test_reverse_journal" time="0.476" /><testcase classname="backend.tests.test_phase2_batch6_accounting.TestInvoiceAutoJournal" name="test_invoice_creates_journal" time="0.369" /><testcase classname="backend.tests.test_phase2_batch6_accounting.TestReports" name="test_trial_balance_balanced" time="0.109" /><testcase classname="backend.tests.test_phase2_batch6_accounting.TestReports" name="test_income_statement" time="0.121" /><testcase classname="backend.tests.test_phase2_batch6_accounting.TestReports" name="test_balance_sheet_balanced" time="0.137" /><testcase classname="backend.tests.test_phase2_batch6_accounting.TestReports" name="test_vat201" time="0.119" /><testcase classname="backend.tests.test_phase2_batch6_accounting.TestReports" name="test_general_ledger_known_code" time="0.120" /><testcase classname="backend.tests.test_phase2_batch6_accounting.TestReports" name="test_general_ledger_unknown_404" time="0.141" /><testcase classname="backend.tests.test_phase2_batch6_accounting.TestPeriods" name="test_list_periods" time="0.117" /><testcase classname="backend.tests.test_phase2_batch6_accounting.TestPeriods" name="test_lock_blocks_post" time="0.363" /><testcase classname="backend.tests.test_phase2_batch6_accounting.TestPeriods" name="test_close_period" time="0.394" /><testcase classname="backend.tests.test_phase2_batch6_accounting.TestPeriods" name="test_signoff_and_notes" time="0.274" /><testcase classname="backend.tests.test_phase2_batch6_accounting.TestRBAC" name="test_rep_cannot_seed" time="0.669" /><testcase classname="backend.tests.test_phase2_batch6_accounting.TestRBAC" name="test_rep_cannot_create_account" time="0.103" /><testcase classname="backend.tests.test_phase2_batch6_accounting.TestRBAC" name="test_rep_cannot_post_journal" time="0.110" /><testcase classname="backend.tests.test_phase2_batch6_accounting.TestRBAC" name="test_rep_cannot_close_period" time="0.111" /><testcase classname="backend.tests.test_phase2_batch6_accounting.TestRBAC" name="test_rep_can_read_accounts" time="0.118" /><testcase classname="backend.tests.test_phase2_batch6_accounting.TestRBAC" name="test_rep_can_read_trial_balance" time="0.181" /><testcase classname="backend.tests.test_phase2_batch6_accounting.TestInvoiceRegression" name="test_invoice_create_succeeds_even_if_no_coa" time="0.584" /></testsuite></testsuites>