<?xml version="1.0" encoding="utf-8"?><testsuites name="pytest tests"><testsuite name="pytest" errors="0" failures="0" skipped="0" tests="69" time="21.660" timestamp="2026-04-22T20:14:25.690456+00:00" hostname="agent-env-cd316e4f-899f-42f7-91ba-71373fcbfe0f"><testcase classname="backend.tests.test_phase2_batch6_accounting.TestSeed" name="test_seed_idempotent" time="0.949" /><testcase classname="backend.tests.test_phase2_batch6_accounting.TestSeed" name="test_seed_creates_66_accounts" time="0.192" /><testcase classname="backend.tests.test_phase2_batch6_accounting.TestCoA" name="test_list_accounts" time="0.109" /><testcase classname="backend.tests.test_phase2_batch6_accounting.TestCoA" name="test_create_account_ok" time="0.167" /><testcase classname="backend.tests.test_phase2_batch6_accounting.TestCoA" name="test_create_account_duplicate_409" time="0.144" /><testcase classname="backend.tests.test_phase2_batch6_accounting.TestCoA" name="test_create_account_missing_field_400" time="0.158" /><testcase classname="backend.tests.test_phase2_batch6_accounting.TestCoA" name="test_create_account_bad_type_400" time="0.137" /><testcase classname="backend.tests.test_phase2_batch6_accounting.TestCoA" name="test_patch_account" time="0.486" /><testcase classname="backend.tests.test_phase2_batch6_accounting.TestJournalPost" name="test_post_balanced_journal" time="0.125" /><testcase classname="backend.tests.test_phase2_batch6_accounting.TestJournalPost" name="test_post_unbalanced_400" time="0.115" /><testcase classname="backend.tests.test_phase2_batch6_accounting.TestJournalPost" name="test_post_one_line_400" time="0.142" /><testcase classname="backend.tests.test_phase2_batch6_accounting.TestJournalPost" name="test_line_both_dr_cr_400" time="0.107" /><testcase classname="backend.tests.test_phase2_batch6_accounting.TestJournalPost" name="test_negative_400" time="0.120" /><testcase classname="backend.tests.test_phase2_batch6_accounting.TestJournalPost" name="test_header_account_400" time="0.118" /><testcase classname="backend.tests.test_phase2_batch6_accounting.TestJournalPost" name="test_unknown_code_400" time="0.123" /><testcase classname="backend.tests.test_phase2_batch6_accounting.TestJournalListAndReverse" name="test_list_period_filter" time="0.116" /><testcase classname="backend.tests.test_phase2_batch6_accounting.TestJournalListAndReverse" name="test_get_journal_detail" time="0.244" /><testcase classname="backend.tests.test_phase2_batch6_accounting.TestJournalListAndReverse" name="test_reverse_journal" time="0.506" /><testcase classname="backend.tests.test_phase2_batch6_accounting.TestInvoiceAutoJournal" name="test_invoice_creates_journal" time="0.327" /><testcase classname="backend.tests.test_phase2_batch6_accounting.TestReports" name="test_trial_balance_balanced" time="0.127" /><testcase classname="backend.tests.test_phase2_batch6_accounting.TestReports" name="test_income_statement" time="0.126" /><testcase classname="backend.tests.test_phase2_batch6_accounting.TestReports" name="test_balance_sheet_balanced" time="0.111" /><testcase classname="backend.tests.test_phase2_batch6_accounting.TestReports" name="test_vat201" time="0.109" /><testcase classname="backend.tests.test_phase2_batch6_accounting.TestReports" name="test_general_ledger_known_code" time="0.150" /><testcase classname="backend.tests.test_phase2_batch6_accounting.TestReports" name="test_general_ledger_unknown_404" time="0.152" /><testcase classname="backend.tests.test_phase2_batch6_accounting.TestPeriods" name="test_list_periods" time="0.127" /><testcase classname="backend.tests.test_phase2_batch6_accounting.TestPeriods" name="test_lock_blocks_post" time="0.380" /><testcase classname="backend.tests.test_phase2_batch6_accounting.TestPeriods" name="test_close_period" time="0.224" /><testcase classname="backend.tests.test_phase2_batch6_accounting.TestPeriods" name="test_signoff_and_notes" time="0.451" /><testcase classname="backend.tests.test_phase2_batch6_accounting.TestRBAC" name="test_rep_cannot_seed" time="5.765" /><testcase classname="backend.tests.test_phase2_batch6_accounting.TestRBAC" name="test_rep_cannot_create_account" time="0.150" /><testcase classname="backend.tests.test_phase2_batch6_accounting.TestRBAC" name="test_rep_cannot_post_journal" time="0.113" /><testcase classname="backend.tests.test_phase2_batch6_accounting.TestRBAC" name="test_rep_cannot_close_period" time="0.129" /><testcase classname="backend.tests.test_phase2_batch6_accounting.TestRBAC" name="test_rep_can_read_accounts" time="0.128" /><testcase classname="backend.tests.test_phase2_batch6_accounting.TestRBAC" name="test_rep_can_read_trial_balance" time="0.111" /><testcase classname="backend.tests.test_phase2_batch6_accounting.TestInvoiceRegression" name="test_invoice_create_succeeds_even_if_no_coa" time="0.574" /><testcase classname="backend.tests.test_phase2_batch7_bank_assets_receipts.TestPdfExports" name="test_trial_balance_pdf" time="0.891" /><testcase classname="backend.tests.test_phase2_batch7_bank_assets_receipts.TestPdfExports" name="test_income_statement_pdf" time="0.124" /><testcase classname="backend.tests.test_phase2_batch7_bank_assets_receipts.TestPdfExports" name="test_balance_sheet_pdf" time="0.138" /><testcase classname="backend.tests.test_phase2_batch7_bank_assets_receipts.TestPdfExports" name="test_vat201_pdf" time="0.126" /><testcase classname="backend.tests.test_phase2_batch7_bank_assets_receipts.TestBankAccountsCRUD" name="test_create_bank_account" time="0.109" /><testcase classname="backend.tests.test_phase2_batch7_bank_assets_receipts.TestBankAccountsCRUD" name="test_list_bank_accounts" time="0.120" /><testcase classname="backend.tests.test_phase2_batch7_bank_assets_receipts.TestBankAccountsCRUD" name="test_rep_cannot_create_bank_account" time="0.572" /><testcase classname="backend.tests.test_phase2_batch7_bank_assets_receipts.TestBankCsvImport" name="test_import_csv_5_rows" time="0.292" /><testcase classname="backend.tests.test_phase2_batch7_bank_assets_receipts.TestBankCsvImport" name="test_list_unreconciled" time="0.113" /><testcase classname="backend.tests.test_phase2_batch7_bank_assets_receipts.TestBankCsvImport" name="test_csv_missing_column_400" time="0.113" /><testcase classname="backend.tests.test_phase2_batch7_bank_assets_receipts.TestSuggestMatches" name="test_suggest_matches_for_invoice_payment" time="0.121" /><testcase classname="backend.tests.test_phase2_batch7_bank_assets_receipts.TestReconcileInvoice" name="test_reconcile_invoice_match" time="0.366" /><testcase classname="backend.tests.test_phase2_batch7_bank_assets_receipts.TestReconcileInvoice" name="test_unreconcile_creates_reverse" time="0.728" /><testcase classname="backend.tests.test_phase2_batch7_bank_assets_receipts.TestReconcileExpense" name="test_reconcile_expense_match" time="0.507" /><testcase classname="backend.tests.test_phase2_batch7_bank_assets_receipts.TestReconcileExpense" name="test_reconcile_missing_account_400" time="0.111" /><testcase classname="backend.tests.test_phase2_batch7_bank_assets_receipts.TestFixedAssets" name="test_create_asset" time="0.129" /><testcase classname="backend.tests.test_phase2_batch7_bank_assets_receipts.TestFixedAssets" name="test_get_asset_with_schedule" time="0.139" /><testcase classname="backend.tests.test_phase2_batch7_bank_assets_receipts.TestFixedAssets" name="test_list_assets" time="0.110" /><testcase classname="backend.tests.test_phase2_batch7_bank_assets_receipts.TestFixedAssets" name="test_bad_cost_400" time="0.123" /><testcase classname="backend.tests.test_phase2_batch7_bank_assets_receipts.TestFixedAssets" name="test_depreciation_run" time="0.371" /><testcase classname="backend.tests.test_phase2_batch7_bank_assets_receipts.TestFixedAssets" name="test_dispose_asset" time="0.236" /><testcase classname="backend.tests.test_phase2_batch7_bank_assets_receipts.TestReceipts" name="test_scan_receipt" time="0.138" /><testcase classname="backend.tests.test_phase2_batch7_bank_assets_receipts.TestReceipts" name="test_list_receipts" time="0.131" /><testcase classname="backend.tests.test_phase2_batch7_bank_assets_receipts.TestReceipts" name="test_post_receipt_as_expense" time="0.362" /><testcase classname="backend.tests.test_phase2_batch7_bank_assets_receipts.TestReceipts" name="test_delete_posted_400" time="0.111" /><testcase classname="backend.tests.test_phase2_batch7_bank_assets_receipts.TestReceipts" name="test_delete_pending_receipt" time="0.258" /><testcase classname="backend.tests.test_phase2_batch7_bank_assets_receipts.TestReceipts" name="test_unsupported_filetype_400" time="0.114" /><testcase classname="backend.tests.test_phase2_batch7_bank_assets_receipts.TestBatch7RBAC" name="test_rep_cannot_import_csv" time="0.109" /><testcase classname="backend.tests.test_phase2_batch7_bank_assets_receipts.TestBatch7RBAC" name="test_rep_cannot_create_fixed_asset" time="0.108" /><testcase classname="backend.tests.test_phase2_batch7_bank_assets_receipts.TestBatch7RBAC" name="test_rep_cannot_depreciate" time="0.117" /><testcase classname="backend.tests.test_phase2_batch7_bank_assets_receipts.TestBatch7RBAC" name="test_rep_cannot_post_receipt" time="0.132" /><testcase classname="backend.tests.test_phase2_batch7_bank_assets_receipts.TestTenantIsolation" name="test_bank_account_not_visible_to_another_owner" time="0.436" /><testcase classname="backend.tests.test_phase2_batch7_bank_assets_receipts.TestTenantIsolation" name="test_cannot_reconcile_other_owners_tx" time="0.653" /></testsuite></testsuites>