<?xml version="1.0" encoding="utf-8"?><testsuites name="pytest tests"><testsuite name="pytest" errors="0" failures="0" skipped="0" tests="11" time="4.694" timestamp="2026-04-21T16:52:09.472627+00:00" hostname="agent-env-9ccf8763-a43c-4df3-b12e-4c01d8cc82bc"><testcase classname="backend.tests.test_phase2_batch4.TestIntegrationsCatalog" name="test_paypal_entry_auto_connected" time="0.533" /><testcase classname="backend.tests.test_phase2_batch4.TestPaypalCheckout" name="test_requires_auth" time="0.111" /><testcase classname="backend.tests.test_phase2_batch4.TestPaypalCheckout" name="test_unknown_invoice_404" time="0.193" /><testcase classname="backend.tests.test_phase2_batch4.TestPaypalCheckout" name="test_creates_real_sandbox_order" time="1.213" /><testcase classname="backend.tests.test_phase2_batch4.TestPaypalCheckout" name="test_payment_transaction_and_invoice_updated" time="0.129" /><testcase classname="backend.tests.test_phase2_batch4.TestPaypalCheckout" name="test_audit_paypal_checkout_written" time="0.151" /><testcase classname="backend.tests.test_phase2_batch4.TestPaypalStatus" name="test_status_created_pending_for_fresh_order" time="0.686" /><testcase classname="backend.tests.test_phase2_batch4.TestPaypalStatus" name="test_status_bogus_order_404" time="0.963" /><testcase classname="backend.tests.test_phase2_batch4.TestPaypalWebhook" name="test_webhook_bogus_order_accepted_no_invoice_changed" time="0.116" /><testcase classname="backend.tests.test_phase2_batch4.TestPaypalWebhook" name="test_webhook_capture_completed_marks_invoice_paid" time="0.387" /><testcase classname="backend.tests.test_phase2_batch4.TestPaypalWebhook" name="test_webhook_invalid_json_returns_received_false" time="0.124" /></testsuite></testsuites>