<?xml version="1.0" encoding="utf-8"?><testsuites name="pytest tests"><testsuite name="pytest" errors="0" failures="1" skipped="0" tests="18" time="8.461" timestamp="2026-04-20T19:52:20.917507+00:00" hostname="agent-env-e29bb627-1d2c-4329-b1e6-831d1905f5b0"><testcase classname="backend.tests.test_phase2.TestSubscriptions" name="test_create_sub" time="0.507" /><testcase classname="backend.tests.test_phase2.TestSubscriptions" name="test_list_subs" time="0.052" /><testcase classname="backend.tests.test_phase2.TestSubscriptions" name="test_tick_creates_invoice_and_advances" time="0.190" /><testcase classname="backend.tests.test_phase2.TestSubscriptions" name="test_mark_failed_dunning" time="0.218" /><testcase classname="backend.tests.test_phase2.TestSubscriptions" name="test_patch_status" time="0.101" /><testcase classname="backend.tests.test_phase2.TestSubscriptions" name="test_soft_delete" time="0.162" /><testcase classname="backend.tests.test_phase2.TestAutomations" name="test_create_with_trigger_and_actions" time="0.131" /><testcase classname="backend.tests.test_phase2.TestAutomations" name="test_patch_enabled" time="0.115" /><testcase classname="backend.tests.test_phase2.TestAutomations" name="test_execution_via_stage_change" time="0.975" /><testcase classname="backend.tests.test_phase2.TestAutomations" name="test_test_endpoint" time="0.066" /><testcase classname="backend.tests.test_phase2.TestAutomations" name="test_form_submission_trigger" time="0.762"><failure message="Failed: form_submission trigger did not fire (_run_automations not hooked into submit_form)">backend/tests/test_phase2.py:230: in test_form_submission_trigger
    pytest.fail("form_submission trigger did not fire (_run_automations not hooked into submit_form)")
E   Failed: form_submission trigger did not fire (_run_automations not hooked into submit_form)</failure></testcase><testcase classname="backend.tests.test_phase2.TestAutomations" name="test_delete" time="0.050" /><testcase classname="backend.tests.test_phase2.TestSEO" name="test_create_page_with_checklist" time="0.054" /><testcase classname="backend.tests.test_phase2.TestSEO" name="test_list_returns_checklist" time="0.073" /><testcase classname="backend.tests.test_phase2.TestSEO" name="test_sitemap_xml" time="0.122" /><testcase classname="backend.tests.test_phase2.TestSEO" name="test_schema_suggest_llm" time="4.051" /><testcase classname="backend.tests.test_phase2.TestSEO" name="test_delete" time="0.051" /><testcase classname="backend.tests.test_phase2.TestCalendlyWebhook" name="test_inbound_creates_contact_and_deal" time="0.687" /></testsuite></testsuites>