<?xml version="1.0" encoding="utf-8"?><testsuites name="pytest tests"><testsuite name="pytest" errors="0" failures="1" skipped="0" tests="15" time="5.320" timestamp="2026-04-21T03:51:37.072042+00:00" hostname="agent-env-e29bb627-1d2c-4329-b1e6-831d1905f5b0"><testcase classname="backend.tests.test_phase2_batch2.TestTasks" name="test_create_task_with_contact" time="0.572" /><testcase classname="backend.tests.test_phase2_batch2.TestTasks" name="test_create_task_with_deal" time="0.098" /><testcase classname="backend.tests.test_phase2_batch2.TestTasks" name="test_list_tasks_contains_created" time="0.046" /><testcase classname="backend.tests.test_phase2_batch2.TestTasks" name="test_patch_status_done_sets_completed_at" time="0.064" /><testcase classname="backend.tests.test_phase2_batch2.TestTasks" name="test_delete_task" time="0.107" /><testcase classname="backend.tests.test_phase2_batch2.TestEmailLog" name="test_log_email_and_bump_contact" time="0.096" /><testcase classname="backend.tests.test_phase2_batch2.TestEmailLog" name="test_list_emails_by_contact_sorted" time="0.099" /><testcase classname="backend.tests.test_phase2_batch2.TestEmailLog" name="test_delete_email" time="0.045" /><testcase classname="backend.tests.test_phase2_batch2.TestContactTimeline" name="test_timeline_includes_emails" time="0.097" /><testcase classname="backend.tests.test_phase2_batch2.TestScheduler" name="test_status_shape" time="0.046" /><testcase classname="backend.tests.test_phase2_batch2.TestFunnel" name="test_create_multistep" time="0.052" /><testcase classname="backend.tests.test_phase2_batch2.TestFunnel" name="test_public_returns_steps" time="0.142" /><testcase classname="backend.tests.test_phase2_batch2.TestFunnel" name="test_public_submit_creates_contact" time="0.159" /><testcase classname="backend.tests.test_phase2_batch2.TestFunnel" name="test_cleanup" time="0.062"><failure message="assert 404 == 200&#10; +  where 404 = &lt;Response [404]&gt;.status_code">backend/tests/test_phase2_batch2.py:240: in test_cleanup
    assert r.status_code == 200
E   assert 404 == 200
E    +  where 404 = &lt;Response [404]&gt;.status_code</failure></testcase><testcase classname="backend.tests.test_phase2_batch2.TestAIReply" name="test_reply_draft" time="3.551" /></testsuite></testsuites>