<?xml version="1.0" encoding="utf-8"?><testsuites name="pytest tests"><testsuite name="pytest" errors="0" failures="0" skipped="0" tests="32" time="9.539" timestamp="2026-04-20T19:29:53.650315+00:00" hostname="agent-env-e29bb627-1d2c-4329-b1e6-831d1905f5b0"><testcase classname="backend.tests.test_ascent_crm.TestHealth" name="test_root" time="0.252" /><testcase classname="backend.tests.test_ascent_crm.TestAuth" name="test_login_success" time="0.305" /><testcase classname="backend.tests.test_ascent_crm.TestAuth" name="test_login_invalid" time="0.283" /><testcase classname="backend.tests.test_ascent_crm.TestAuth" name="test_me" time="0.398" /><testcase classname="backend.tests.test_ascent_crm.TestAuth" name="test_signup_new_user" time="0.285" /><testcase classname="backend.tests.test_ascent_crm.TestSeedLists" name="test_companies_list" time="0.049" /><testcase classname="backend.tests.test_ascent_crm.TestSeedLists" name="test_contacts_list" time="0.047" /><testcase classname="backend.tests.test_ascent_crm.TestSeedLists" name="test_deals_list" time="0.054" /><testcase classname="backend.tests.test_ascent_crm.TestSeedLists" name="test_products_list" time="0.051" /><testcase classname="backend.tests.test_ascent_crm.TestSeedLists" name="test_pipeline_stages" time="0.053" /><testcase classname="backend.tests.test_ascent_crm.TestCompanyCRUD" name="test_full_lifecycle" time="0.201" /><testcase classname="backend.tests.test_ascent_crm.TestContactCRUD" name="test_create_and_timeline" time="0.101" /><testcase classname="backend.tests.test_ascent_crm.TestPipeline" name="test_move_deal_stage" time="0.151" /><testcase classname="backend.tests.test_ascent_crm.TestPipeline" name="test_move_deal_to_won" time="0.153" /><testcase classname="backend.tests.test_ascent_crm.TestQuoteInvoiceFlow" name="test_quote_compute_and_to_invoice" time="0.355" /><testcase classname="backend.tests.test_ascent_crm.TestInvoiceCreate" name="test_create_invoice_direct" time="0.192" /><testcase classname="backend.tests.test_ascent_crm.TestStripe" name="test_checkout_returns_url" time="0.713" /><testcase classname="backend.tests.test_ascent_crm.TestStripe" name="test_webhook_reachable" time="0.058" /><testcase classname="backend.tests.test_ascent_crm.TestPublicForms" name="test_get_public_form_no_auth" time="0.062" /><testcase classname="backend.tests.test_ascent_crm.TestPublicForms" name="test_submit_form_creates_contact" time="0.067" /><testcase classname="backend.tests.test_ascent_crm.TestPublicForms" name="test_submit_form_requires_consent" time="0.056" /><testcase classname="backend.tests.test_ascent_crm.TestAIStudio" name="test_ai_generate_reply" time="4.407" /><testcase classname="backend.tests.test_ascent_crm.TestTemplates" name="test_list_templates" time="0.067" /><testcase classname="backend.tests.test_ascent_crm.TestTemplates" name="test_apply_template" time="0.113" /><testcase classname="backend.tests.test_ascent_crm.TestAnalytics" name="test_summary" time="0.054" /><testcase classname="backend.tests.test_ascent_crm.TestGDPR" name="test_consent_logs" time="0.049" /><testcase classname="backend.tests.test_ascent_crm.TestGDPR" name="test_export_zip" time="0.112" /><testcase classname="backend.tests.test_ascent_crm.TestGDPR" name="test_erase_soft" time="0.102" /><testcase classname="backend.tests.test_ascent_crm.TestIntegrations" name="test_list" time="0.054" /><testcase classname="backend.tests.test_ascent_crm.TestIntegrations" name="test_toggle_stripe" time="0.053" /><testcase classname="backend.tests.test_ascent_crm.TestAudit" name="test_audit_returns_entries" time="0.057" /><testcase classname="backend.tests.test_ascent_crm.TestAudit" name="test_mutation_writes_audit" time="0.458" /></testsuite></testsuites>